[2025-01-28T00:47:21.403+0000] {local_task_job_runner.py:123} INFO - ::group::Pre task execution logs
[2025-01-28T00:47:21.494+0000] {taskinstance.py:2613} INFO - Dependencies all met for dep_context=non-requeueable deps ti=<TaskInstance: raw_api_sales_data.fetch_sales_data_api manual__2025-01-28T00:46:54.341965+00:00 [queued]>
[2025-01-28T00:47:21.525+0000] {taskinstance.py:2613} INFO - Dependencies all met for dep_context=requeueable deps ti=<TaskInstance: raw_api_sales_data.fetch_sales_data_api manual__2025-01-28T00:46:54.341965+00:00 [queued]>
[2025-01-28T00:47:21.526+0000] {taskinstance.py:2866} INFO - Starting attempt 1 of 2
[2025-01-28T00:47:22.271+0000] {taskinstance.py:2889} INFO - Executing <Task(PythonOperator): fetch_sales_data_api> on 2025-01-28 00:46:54.341965+00:00
[2025-01-28T00:47:22.324+0000] {warnings.py:112} WARNING - /home/***/.local/lib/python3.12/site-packages/***/task/task_runner/standard_task_runner.py:70: DeprecationWarning: This process (pid=2098) is multi-threaded, use of fork() may lead to deadlocks in the child.
  pid = os.fork()

[2025-01-28T00:47:22.334+0000] {standard_task_runner.py:72} INFO - Started process 2100 to run task
[2025-01-28T00:47:22.338+0000] {standard_task_runner.py:104} INFO - Running: ['***', 'tasks', 'run', 'raw_api_sales_data', 'fetch_sales_data_api', 'manual__2025-01-28T00:46:54.341965+00:00', '--job-id', '101', '--raw', '--subdir', 'DAGS_FOLDER/raw/dag_load_sales_data_to_db.py', '--cfg-path', '/tmp/tmpzyqrmvq7']
[2025-01-28T00:47:22.343+0000] {standard_task_runner.py:105} INFO - Job 101: Subtask fetch_sales_data_api
[2025-01-28T00:47:22.691+0000] {task_command.py:467} INFO - Running <TaskInstance: raw_api_sales_data.fetch_sales_data_api manual__2025-01-28T00:46:54.341965+00:00 [running]> on host 1de8b92bf5f9
[2025-01-28T00:47:23.535+0000] {taskinstance.py:3132} INFO - Exporting env vars: AIRFLOW_CTX_DAG_OWNER='***' AIRFLOW_CTX_DAG_ID='raw_api_sales_data' AIRFLOW_CTX_TASK_ID='fetch_sales_data_api' AIRFLOW_CTX_EXECUTION_DATE='2025-01-28T00:46:54.341965+00:00' AIRFLOW_CTX_TRY_NUMBER='1' AIRFLOW_CTX_DAG_RUN_ID='manual__2025-01-28T00:46:54.341965+00:00'
[2025-01-28T00:47:23.621+0000] {logging_mixin.py:190} INFO - Task instance is in running state
[2025-01-28T00:47:23.643+0000] {logging_mixin.py:190} INFO -  Previous state of the Task instance: queued
[2025-01-28T00:47:23.647+0000] {logging_mixin.py:190} INFO - Current task name:fetch_sales_data_api state:running start_date:2025-01-28 00:47:21.496578+00:00
[2025-01-28T00:47:23.649+0000] {logging_mixin.py:190} INFO - Dag name:raw_api_sales_data and current dag run status:running
[2025-01-28T00:47:23.658+0000] {taskinstance.py:731} INFO - ::endgroup::
[2025-01-28T00:47:31.744+0000] {raw_fetch_sales_api.py:23} INFO - Successfully fetched sales data from the API.
[2025-01-28T00:47:31.840+0000] {python.py:240} INFO - Done. Returned value was: None
[2025-01-28T00:47:31.880+0000] {taskinstance.py:340} INFO - ::group::Post task execution logs
[2025-01-28T00:47:31.882+0000] {taskinstance.py:352} INFO - Marking task as SUCCESS. dag_id=raw_api_sales_data, task_id=fetch_sales_data_api, run_id=manual__2025-01-28T00:46:54.341965+00:00, execution_date=20250128T004654, start_date=20250128T004721, end_date=20250128T004731
[2025-01-28T00:47:31.929+0000] {logging_mixin.py:190} INFO - Task instance in success state
[2025-01-28T00:47:31.932+0000] {logging_mixin.py:190} INFO -  Previous state of the Task instance: running
[2025-01-28T00:47:31.935+0000] {logging_mixin.py:190} INFO - Dag name:raw_api_sales_data queued_at:2025-01-28 00:46:55.450645+00:00
[2025-01-28T00:47:31.937+0000] {logging_mixin.py:190} INFO - Task hostname:1de8b92bf5f9 operator:PythonOperator
[2025-01-28T00:47:31.989+0000] {local_task_job_runner.py:266} INFO - Task exited with return code 0
[2025-01-28T00:47:32.068+0000] {taskinstance.py:3895} INFO - 1 downstream tasks scheduled from follow-on schedule check
[2025-01-28T00:47:32.078+0000] {local_task_job_runner.py:245} INFO - ::endgroup::
