[2025-01-27T23:16:54.025+0000] {local_task_job_runner.py:123} INFO - ::group::Pre task execution logs
[2025-01-27T23:16:54.049+0000] {taskinstance.py:2613} INFO - Dependencies all met for dep_context=non-requeueable deps ti=<TaskInstance: raw_api_sales_data.fetch_sales_data_api manual__2025-01-27T23:15:57.187108+00:00 [queued]>
[2025-01-27T23:16:54.061+0000] {taskinstance.py:2613} INFO - Dependencies all met for dep_context=requeueable deps ti=<TaskInstance: raw_api_sales_data.fetch_sales_data_api manual__2025-01-27T23:15:57.187108+00:00 [queued]>
[2025-01-27T23:16:54.062+0000] {taskinstance.py:2866} INFO - Starting attempt 2 of 2
[2025-01-27T23:16:54.085+0000] {taskinstance.py:2889} INFO - Executing <Task(PythonOperator): fetch_sales_data_api> on 2025-01-27 23:15:57.187108+00:00
[2025-01-27T23:16:54.097+0000] {warnings.py:112} WARNING - /home/***/.local/lib/python3.12/site-packages/***/task/task_runner/standard_task_runner.py:70: DeprecationWarning: This process (pid=933) is multi-threaded, use of fork() may lead to deadlocks in the child.
  pid = os.fork()

[2025-01-27T23:16:54.099+0000] {standard_task_runner.py:72} INFO - Started process 935 to run task
[2025-01-27T23:16:54.099+0000] {standard_task_runner.py:104} INFO - Running: ['***', 'tasks', 'run', 'raw_api_sales_data', 'fetch_sales_data_api', 'manual__2025-01-27T23:15:57.187108+00:00', '--job-id', '61', '--raw', '--subdir', 'DAGS_FOLDER/raw/dag_load_sales_data_to_db.py', '--cfg-path', '/tmp/tmpiin1i6ls']
[2025-01-27T23:16:54.102+0000] {standard_task_runner.py:105} INFO - Job 61: Subtask fetch_sales_data_api
[2025-01-27T23:16:54.473+0000] {task_command.py:467} INFO - Running <TaskInstance: raw_api_sales_data.fetch_sales_data_api manual__2025-01-27T23:15:57.187108+00:00 [running]> on host 1de8b92bf5f9
[2025-01-27T23:16:54.583+0000] {taskinstance.py:3132} INFO - Exporting env vars: AIRFLOW_CTX_DAG_OWNER='***' AIRFLOW_CTX_DAG_ID='raw_api_sales_data' AIRFLOW_CTX_TASK_ID='fetch_sales_data_api' AIRFLOW_CTX_EXECUTION_DATE='2025-01-27T23:15:57.187108+00:00' AIRFLOW_CTX_TRY_NUMBER='2' AIRFLOW_CTX_DAG_RUN_ID='manual__2025-01-27T23:15:57.187108+00:00'
[2025-01-27T23:16:54.585+0000] {logging_mixin.py:190} INFO - Task instance is in running state
[2025-01-27T23:16:54.586+0000] {logging_mixin.py:190} INFO -  Previous state of the Task instance: queued
[2025-01-27T23:16:54.587+0000] {logging_mixin.py:190} INFO - Current task name:fetch_sales_data_api state:running start_date:2025-01-27 23:16:54.050569+00:00
[2025-01-27T23:16:54.587+0000] {logging_mixin.py:190} INFO - Dag name:raw_api_sales_data and current dag run status:running
[2025-01-27T23:16:54.588+0000] {taskinstance.py:731} INFO - ::endgroup::
[2025-01-27T23:16:56.247+0000] {raw_fetch_sales_api.py:23} INFO - Successfully fetched sales data from the API.
[2025-01-27T23:16:56.273+0000] {python.py:240} INFO - Done. Returned value was: None
[2025-01-27T23:16:56.288+0000] {taskinstance.py:340} INFO - ::group::Post task execution logs
[2025-01-27T23:16:56.289+0000] {taskinstance.py:352} INFO - Marking task as SUCCESS. dag_id=raw_api_sales_data, task_id=fetch_sales_data_api, run_id=manual__2025-01-27T23:15:57.187108+00:00, execution_date=20250127T231557, start_date=20250127T231654, end_date=20250127T231656
[2025-01-27T23:16:56.306+0000] {logging_mixin.py:190} INFO - Task instance in success state
[2025-01-27T23:16:56.306+0000] {logging_mixin.py:190} INFO -  Previous state of the Task instance: running
[2025-01-27T23:16:56.307+0000] {logging_mixin.py:190} INFO - Dag name:raw_api_sales_data queued_at:2025-01-27 23:15:58.490230+00:00
[2025-01-27T23:16:56.308+0000] {logging_mixin.py:190} INFO - Task hostname:1de8b92bf5f9 operator:PythonOperator
[2025-01-27T23:16:56.334+0000] {local_task_job_runner.py:266} INFO - Task exited with return code 0
[2025-01-27T23:16:56.547+0000] {taskinstance.py:3895} INFO - 0 downstream tasks scheduled from follow-on schedule check
[2025-01-27T23:16:56.553+0000] {local_task_job_runner.py:245} INFO - ::endgroup::
