[2025-01-28T09:18:18.704+0000] {local_task_job_runner.py:123} INFO - ::group::Pre task execution logs
[2025-01-28T09:18:18.729+0000] {taskinstance.py:2613} INFO - Dependencies all met for dep_context=non-requeueable deps ti=<TaskInstance: raw_api_sales_data.01-fetch_sales_data_api manual__2025-01-28T09:18:03.037560+00:00 [queued]>
[2025-01-28T09:18:18.744+0000] {taskinstance.py:2613} INFO - Dependencies all met for dep_context=requeueable deps ti=<TaskInstance: raw_api_sales_data.01-fetch_sales_data_api manual__2025-01-28T09:18:03.037560+00:00 [queued]>
[2025-01-28T09:18:18.745+0000] {taskinstance.py:2866} INFO - Starting attempt 1 of 2
[2025-01-28T09:18:19.041+0000] {taskinstance.py:2889} INFO - Executing <Task(PythonOperator): 01-fetch_sales_data_api> on 2025-01-28 09:18:03.037560+00:00
[2025-01-28T09:18:19.061+0000] {warnings.py:112} WARNING - /home/***/.local/lib/python3.12/site-packages/***/task/task_runner/standard_task_runner.py:70: DeprecationWarning: This process (pid=3109) is multi-threaded, use of fork() may lead to deadlocks in the child.
  pid = os.fork()

[2025-01-28T09:18:19.069+0000] {standard_task_runner.py:72} INFO - Started process 3111 to run task
[2025-01-28T09:18:19.073+0000] {standard_task_runner.py:104} INFO - Running: ['***', 'tasks', 'run', 'raw_api_sales_data', '01-fetch_sales_data_api', 'manual__2025-01-28T09:18:03.037560+00:00', '--job-id', '122', '--raw', '--subdir', 'DAGS_FOLDER/raw/dag_load_sales_data_to_db.py', '--cfg-path', '/tmp/tmpbqysbmo_']
[2025-01-28T09:18:19.077+0000] {standard_task_runner.py:105} INFO - Job 122: Subtask 01-fetch_sales_data_api
[2025-01-28T09:18:19.234+0000] {task_command.py:467} INFO - Running <TaskInstance: raw_api_sales_data.01-fetch_sales_data_api manual__2025-01-28T09:18:03.037560+00:00 [running]> on host 1de8b92bf5f9
[2025-01-28T09:18:19.488+0000] {taskinstance.py:3132} INFO - Exporting env vars: AIRFLOW_CTX_DAG_OWNER='***' AIRFLOW_CTX_DAG_ID='raw_api_sales_data' AIRFLOW_CTX_TASK_ID='01-fetch_sales_data_api' AIRFLOW_CTX_EXECUTION_DATE='2025-01-28T09:18:03.037560+00:00' AIRFLOW_CTX_TRY_NUMBER='1' AIRFLOW_CTX_DAG_RUN_ID='manual__2025-01-28T09:18:03.037560+00:00'
[2025-01-28T09:18:19.492+0000] {logging_mixin.py:190} INFO - Task instance is in running state
[2025-01-28T09:18:19.494+0000] {logging_mixin.py:190} INFO -  Previous state of the Task instance: queued
[2025-01-28T09:18:19.495+0000] {logging_mixin.py:190} INFO - Current task name:01-fetch_sales_data_api state:running start_date:2025-01-28 09:18:18.730640+00:00
[2025-01-28T09:18:19.496+0000] {logging_mixin.py:190} INFO - Dag name:raw_api_sales_data and current dag run status:running
[2025-01-28T09:18:19.497+0000] {taskinstance.py:731} INFO - ::endgroup::
[2025-01-28T09:18:21.021+0000] {raw_fetch_sales_api.py:23} INFO - Successfully fetched sales data from the API.
[2025-01-28T09:18:21.057+0000] {python.py:240} INFO - Done. Returned value was: None
[2025-01-28T09:18:21.070+0000] {taskinstance.py:340} INFO - ::group::Post task execution logs
[2025-01-28T09:18:21.071+0000] {taskinstance.py:352} INFO - Marking task as SUCCESS. dag_id=raw_api_sales_data, task_id=01-fetch_sales_data_api, run_id=manual__2025-01-28T09:18:03.037560+00:00, execution_date=20250128T091803, start_date=20250128T091818, end_date=20250128T091821
[2025-01-28T09:18:21.092+0000] {logging_mixin.py:190} INFO - Task instance in success state
[2025-01-28T09:18:21.092+0000] {logging_mixin.py:190} INFO -  Previous state of the Task instance: running
[2025-01-28T09:18:21.093+0000] {logging_mixin.py:190} INFO - Dag name:raw_api_sales_data queued_at:2025-01-28 09:18:03.411840+00:00
[2025-01-28T09:18:21.094+0000] {logging_mixin.py:190} INFO - Task hostname:1de8b92bf5f9 operator:PythonOperator
[2025-01-28T09:18:21.144+0000] {local_task_job_runner.py:266} INFO - Task exited with return code 0
[2025-01-28T09:18:21.178+0000] {taskinstance.py:3895} INFO - 1 downstream tasks scheduled from follow-on schedule check
[2025-01-28T09:18:21.183+0000] {local_task_job_runner.py:245} INFO - ::endgroup::
