[2025-01-28T19:12:55.137+0000] {local_task_job_runner.py:123} INFO - ::group::Pre task execution logs
[2025-01-28T19:12:55.201+0000] {taskinstance.py:2613} INFO - Dependencies all met for dep_context=non-requeueable deps ti=<TaskInstance: raw_api_sales_data.fetch_sales_data_raw manual__2025-01-28T19:11:41.356684+00:00 [queued]>
[2025-01-28T19:12:55.232+0000] {taskinstance.py:2613} INFO - Dependencies all met for dep_context=requeueable deps ti=<TaskInstance: raw_api_sales_data.fetch_sales_data_raw manual__2025-01-28T19:11:41.356684+00:00 [queued]>
[2025-01-28T19:12:55.235+0000] {taskinstance.py:2866} INFO - Starting attempt 1 of 2
[2025-01-28T19:12:55.304+0000] {taskinstance.py:2889} INFO - Executing <Task(PythonOperator): fetch_sales_data_raw> on 2025-01-28 19:11:41.356684+00:00
[2025-01-28T19:12:55.328+0000] {warnings.py:112} WARNING - /home/***/.local/lib/python3.12/site-packages/***/task/task_runner/standard_task_runner.py:70: DeprecationWarning: This process (pid=4718) is multi-threaded, use of fork() may lead to deadlocks in the child.
  pid = os.fork()

[2025-01-28T19:12:55.340+0000] {standard_task_runner.py:72} INFO - Started process 4728 to run task
[2025-01-28T19:12:55.342+0000] {standard_task_runner.py:104} INFO - Running: ['***', 'tasks', 'run', 'raw_api_sales_data', 'fetch_sales_data_raw', 'manual__2025-01-28T19:11:41.356684+00:00', '--job-id', '160', '--raw', '--subdir', 'DAGS_FOLDER/raw/dag_load_sales_data_to_db.py', '--cfg-path', '/tmp/tmp_38nwcte']
[2025-01-28T19:12:55.348+0000] {standard_task_runner.py:105} INFO - Job 160: Subtask fetch_sales_data_raw
[2025-01-28T19:12:55.546+0000] {task_command.py:467} INFO - Running <TaskInstance: raw_api_sales_data.fetch_sales_data_raw manual__2025-01-28T19:11:41.356684+00:00 [running]> on host 1de8b92bf5f9
[2025-01-28T19:12:56.310+0000] {taskinstance.py:3132} INFO - Exporting env vars: AIRFLOW_CTX_DAG_OWNER='***' AIRFLOW_CTX_DAG_ID='raw_api_sales_data' AIRFLOW_CTX_TASK_ID='fetch_sales_data_raw' AIRFLOW_CTX_EXECUTION_DATE='2025-01-28T19:11:41.356684+00:00' AIRFLOW_CTX_TRY_NUMBER='1' AIRFLOW_CTX_DAG_RUN_ID='manual__2025-01-28T19:11:41.356684+00:00'
[2025-01-28T19:12:56.380+0000] {logging_mixin.py:190} INFO - Task instance is in running state
[2025-01-28T19:12:56.383+0000] {logging_mixin.py:190} INFO -  Previous state of the Task instance: queued
[2025-01-28T19:12:56.385+0000] {logging_mixin.py:190} INFO - Current task name:fetch_sales_data_raw state:running start_date:2025-01-28 19:12:55.203418+00:00
[2025-01-28T19:12:56.386+0000] {logging_mixin.py:190} INFO - Dag name:raw_api_sales_data and current dag run status:running
[2025-01-28T19:12:56.390+0000] {taskinstance.py:731} INFO - ::endgroup::
[2025-01-28T19:12:58.510+0000] {raw_fetch_sales_api.py:23} INFO - Successfully fetched sales data from the API.
[2025-01-28T19:12:58.595+0000] {python.py:240} INFO - Done. Returned value was: [{'order_id': 6003, 'order_date': '2023-02-08', 'quantity': 2, 'payment_method': 'Credit Card', 'order_status': 'Shipped', 'customer_id': 888, 'customer_name': 'Merna Bielefeld', 'email': 'mbielefeld0@sciencedaily.com', 'gender': 'Female', 'country_code': 'TN', 'product_id': 779, 'product_name': 'Cookie Choc', 'unit_price': 968.73}, {'order_id': 6936, 'order_date': '2024-03-26', 'quantity': 1, 'payment_method': 'Debit Card', 'order_status': 'Shipped', 'customer_id': 645, 'customer_name': 'Emery Colliar', 'email': 'ecolliar1@jugem.jp', 'gender': 'Agender', 'country_code': 'CA', 'product_id': 787, 'product_name': 'Napkin - Beverage 1 Ply', 'unit_price': 982.26}, {'order_id': 5473, 'order_date': '2023-09-26', 'quantity': 1, 'payment_method': 'Debit Card', 'order_status': 'Returned', 'customer_id': 416, 'customer_name': 'Nicoline Dufaire', 'email': 'ndufaire2@tripadvisor.com', 'gender': 'Female', 'country_code': 'FR', 'product_id': 862, 'product_name': 'Water - Mineral, Natural', 'unit_price': 845.02}, {'order_id': 2802, 'order_date': '2023-09-24', 'quantity': 2, 'payment_method': 'Credit Card', 'order_status': 'Processing', 'customer_id': 934, 'customer_name': 'Fabien Duffan', 'email': 'fduffan3@cornell.edu', 'gender': 'Non-binary', 'country_code': 'GR', 'product_id': 692, 'product_name': 'Soup - French Onion, Dry', 'unit_price': 307.88}, {'order_id': 3471, 'order_date': '2022-08-02', 'quantity': 1, 'payment_method': 'PayPal', 'order_status': 'Delivered', 'customer_id': 723, 'customer_name': 'Anetta Guise', 'email': 'aguise4@tripadvisor.com', 'gender': 'Female', 'country_code': 'AM', 'product_id': 735, 'product_name': 'Pears - Anjou', 'unit_price': 800.86}, {'order_id': 2462, 'order_date': '2022-12-15', 'quantity': 3, 'payment_method': 'PayPal', 'order_status': 'Shipped', 'customer_id': 454, 'customer_name': 'Laughton Bungey', 'email': 'lbungey5@bandcamp.com', 'gender': 'Male', 'country_code': 'US', 'product_id': 652, 'product_name': 'Split Peas - Yellow, Dry', 'unit_price': 940.41}, {'order_id': 5607, 'order_date': '2021-01-06', 'quantity': 3, 'payment_method': 'Check', 'order_status': 'Returned', 'customer_id': 920, 'customer_name': 'Roana Clandillon', 'email': 'rclandillon6@cpanel.net', 'gender': 'Female', 'country_code': 'PH', 'product_id': 819, 'product_name': 'Appetizer - Mango Chevre', 'unit_price': 669.77}, {'order_id': 9748, 'order_date': '2023-02-01', 'quantity': 3, 'payment_method': 'Credit Card', 'order_status': 'Shipped', 'customer_id': 801, 'customer_name': 'Brinna Trewin', 'email': 'btrewin7@prnewswire.com', 'gender': 'Female', 'country_code': 'PS', 'product_id': 595, 'product_name': 'Wanton Wrap', 'unit_price': 815.48}, {'order_id': 9881, 'order_date': '2021-10-13', 'quantity': 2, 'payment_method': 'Debit Card', 'order_status': 'Processing', 'customer_id': 844, 'customer_name': 'Clarke Bausmann', 'email': 'cbausmann8@instagram.com', 'gender': 'Male', 'country_code': 'BR', 'product_id': 721, 'product_name': 'Cheese - Gouda', 'unit_price': 497.92}, {'order_id': 9291, 'order_date': '2022-05-19', 'quantity': 2, 'payment_method': 'Check', 'order_status': 'Shipped', 'customer_id': 198, 'customer_name': 'Galven Swalwell', 'email': 'gswalwell9@youtu.be', 'gender': 'Agender', 'country_code': 'NG', 'product_id': 601, 'product_name': 'Chocolate - Compound Coating', 'unit_price': 28.37}]
[2025-01-28T19:12:58.715+0000] {taskinstance.py:340} INFO - ::group::Post task execution logs
[2025-01-28T19:12:58.719+0000] {taskinstance.py:352} INFO - Marking task as SUCCESS. dag_id=raw_api_sales_data, task_id=fetch_sales_data_raw, run_id=manual__2025-01-28T19:11:41.356684+00:00, execution_date=20250128T191141, start_date=20250128T191255, end_date=20250128T191258
[2025-01-28T19:12:58.765+0000] {logging_mixin.py:190} INFO - Task instance in success state
[2025-01-28T19:12:58.770+0000] {logging_mixin.py:190} INFO -  Previous state of the Task instance: running
[2025-01-28T19:12:58.772+0000] {logging_mixin.py:190} INFO - Dag name:raw_api_sales_data queued_at:2025-01-28 19:11:43.383912+00:00
[2025-01-28T19:12:58.774+0000] {logging_mixin.py:190} INFO - Task hostname:1de8b92bf5f9 operator:PythonOperator
[2025-01-28T19:12:58.840+0000] {local_task_job_runner.py:266} INFO - Task exited with return code 0
[2025-01-28T19:12:58.876+0000] {local_task_job_runner.py:245} INFO - ::endgroup::
