[2025-01-28T11:01:00.981+0000] {local_task_job_runner.py:123} INFO - ::group::Pre task execution logs
[2025-01-28T11:01:01.090+0000] {taskinstance.py:2613} INFO - Dependencies all met for dep_context=non-requeueable deps ti=<TaskInstance: raw_api_sales_data.fetch_sales_data_raw manual__2025-01-28T11:00:42.411537+00:00 [queued]>
[2025-01-28T11:01:01.113+0000] {taskinstance.py:2613} INFO - Dependencies all met for dep_context=requeueable deps ti=<TaskInstance: raw_api_sales_data.fetch_sales_data_raw manual__2025-01-28T11:00:42.411537+00:00 [queued]>
[2025-01-28T11:01:01.115+0000] {taskinstance.py:2866} INFO - Starting attempt 1 of 2
[2025-01-28T11:01:01.149+0000] {taskinstance.py:2889} INFO - Executing <Task(PythonOperator): fetch_sales_data_raw> on 2025-01-28 11:00:42.411537+00:00
[2025-01-28T11:01:01.165+0000] {warnings.py:112} WARNING - /home/***/.local/lib/python3.12/site-packages/***/task/task_runner/standard_task_runner.py:70: DeprecationWarning: This process (pid=4390) is multi-threaded, use of fork() may lead to deadlocks in the child.
  pid = os.fork()

[2025-01-28T11:01:01.170+0000] {standard_task_runner.py:72} INFO - Started process 4392 to run task
[2025-01-28T11:01:01.170+0000] {standard_task_runner.py:104} INFO - Running: ['***', 'tasks', 'run', 'raw_api_sales_data', 'fetch_sales_data_raw', 'manual__2025-01-28T11:00:42.411537+00:00', '--job-id', '157', '--raw', '--subdir', 'DAGS_FOLDER/raw/dag_load_sales_data_to_db.py', '--cfg-path', '/tmp/tmpv8c9y45f']
[2025-01-28T11:01:01.175+0000] {standard_task_runner.py:105} INFO - Job 157: Subtask fetch_sales_data_raw
[2025-01-28T11:01:01.350+0000] {task_command.py:467} INFO - Running <TaskInstance: raw_api_sales_data.fetch_sales_data_raw manual__2025-01-28T11:00:42.411537+00:00 [running]> on host 1de8b92bf5f9
[2025-01-28T11:01:01.550+0000] {taskinstance.py:3132} INFO - Exporting env vars: AIRFLOW_CTX_DAG_OWNER='***' AIRFLOW_CTX_DAG_ID='raw_api_sales_data' AIRFLOW_CTX_TASK_ID='fetch_sales_data_raw' AIRFLOW_CTX_EXECUTION_DATE='2025-01-28T11:00:42.411537+00:00' AIRFLOW_CTX_TRY_NUMBER='1' AIRFLOW_CTX_DAG_RUN_ID='manual__2025-01-28T11:00:42.411537+00:00'
[2025-01-28T11:01:01.553+0000] {logging_mixin.py:190} INFO - Task instance is in running state
[2025-01-28T11:01:01.555+0000] {logging_mixin.py:190} INFO -  Previous state of the Task instance: queued
[2025-01-28T11:01:01.559+0000] {logging_mixin.py:190} INFO - Current task name:fetch_sales_data_raw state:running start_date:2025-01-28 11:01:01.092288+00:00
[2025-01-28T11:01:01.560+0000] {logging_mixin.py:190} INFO - Dag name:raw_api_sales_data and current dag run status:running
[2025-01-28T11:01:01.562+0000] {taskinstance.py:731} INFO - ::endgroup::
[2025-01-28T11:01:03.303+0000] {raw_fetch_sales_api.py:23} INFO - Successfully fetched sales data from the API.
[2025-01-28T11:01:03.349+0000] {python.py:240} INFO - Done. Returned value was: [{'order_id': 6040, 'order_date': '2021-10-10', 'quantity': 2, 'payment_method': 'Debit Card', 'order_status': 'Delivered', 'customer_id': 752, 'customer_name': 'Hewie Timmons', 'email': 'htimmons0@weebly.com', 'gender': 'Genderqueer', 'country_code': 'CO', 'product_id': 826, 'product_name': 'Sauce - Chili', 'unit_price': 105.38}, {'order_id': 1112, 'order_date': '2022-03-14', 'quantity': 3, 'payment_method': 'Debit Card', 'order_status': 'Processing', 'customer_id': 496, 'customer_name': 'Georges Magwood', 'email': 'gmagwood1@flickr.com', 'gender': 'Male', 'country_code': 'RU', 'product_id': 875, 'product_name': 'Cheese - Brie Roitelet', 'unit_price': 387.02}, {'order_id': 9954, 'order_date': '2021-12-27', 'quantity': 2, 'payment_method': 'Credit Card', 'order_status': 'Processing', 'customer_id': 716, 'customer_name': 'Mord Leatherland', 'email': 'mleatherland2@bigcartel.com', 'gender': 'Male', 'country_code': 'SE', 'product_id': 503, 'product_name': 'Schnappes - Peach, Walkers', 'unit_price': 198.92}, {'order_id': 8754, 'order_date': '2023-10-24', 'quantity': 3, 'payment_method': 'PayPal', 'order_status': 'Returned', 'customer_id': 428, 'customer_name': 'Koral Mc Caghan', 'email': 'kmc3@unc.edu', 'gender': 'Female', 'country_code': 'IE', 'product_id': 745, 'product_name': 'Cheese - Goat', 'unit_price': 191.48}, {'order_id': 9961, 'order_date': '2022-01-03', 'quantity': 2, 'payment_method': 'Credit Card', 'order_status': 'Returned', 'customer_id': 468, 'customer_name': 'Roderick Byham', 'email': 'rbyham4@edublogs.org', 'gender': 'Male', 'country_code': 'PT', 'product_id': 680, 'product_name': 'Bread Ww Cluster', 'unit_price': 507.07}, {'order_id': 5560, 'order_date': '2021-04-17', 'quantity': 2, 'payment_method': 'Check', 'order_status': 'Processing', 'customer_id': 997, 'customer_name': 'Hall Pitchford', 'email': 'hpitchford5@123-reg.co.uk', 'gender': 'Male', 'country_code': 'BW', 'product_id': 783, 'product_name': 'Cookies - Englishbay Oatmeal', 'unit_price': 357.91}, {'order_id': 9281, 'order_date': '2023-02-20', 'quantity': 1, 'payment_method': 'Credit Card', 'order_status': 'Shipped', 'customer_id': 565, 'customer_name': 'Leesa Vann', 'email': 'lvann6@vimeo.com', 'gender': 'Female', 'country_code': 'AR', 'product_id': 770, 'product_name': 'Extract - Lemon', 'unit_price': 274.05}, {'order_id': 7578, 'order_date': '2022-01-21', 'quantity': 1, 'payment_method': 'PayPal', 'order_status': 'Shipped', 'customer_id': 270, 'customer_name': 'Dave Pailin', 'email': 'dpailin7@liveinternet.ru', 'gender': 'Male', 'country_code': 'CN', 'product_id': 519, 'product_name': 'Bread - Rosemary Focaccia', 'unit_price': 328.68}, {'order_id': 5159, 'order_date': '2021-12-15', 'quantity': 1, 'payment_method': 'Credit Card', 'order_status': 'Processing', 'customer_id': 964, 'customer_name': 'Farlay Noteyoung', 'email': 'fnoteyoung8@blogtalkradio.com', 'gender': 'Male', 'country_code': 'PH', 'product_id': 519, 'product_name': 'Mayonnaise - Individual Pkg', 'unit_price': 777.5}, {'order_id': 5835, 'order_date': '2024-06-08', 'quantity': 2, 'payment_method': 'Check', 'order_status': 'Returned', 'customer_id': 176, 'customer_name': 'Hester Perrot', 'email': 'hperrot9@privacy.gov.au', 'gender': 'Female', 'country_code': 'PH', 'product_id': 599, 'product_name': 'Cheese - Mozzarella, Shredded', 'unit_price': 481.94}]
[2025-01-28T11:01:03.456+0000] {taskinstance.py:340} INFO - ::group::Post task execution logs
[2025-01-28T11:01:03.457+0000] {taskinstance.py:352} INFO - Marking task as SUCCESS. dag_id=raw_api_sales_data, task_id=fetch_sales_data_raw, run_id=manual__2025-01-28T11:00:42.411537+00:00, execution_date=20250128T110042, start_date=20250128T110101, end_date=20250128T110103
[2025-01-28T11:01:03.489+0000] {logging_mixin.py:190} INFO - Task instance in success state
[2025-01-28T11:01:03.491+0000] {logging_mixin.py:190} INFO -  Previous state of the Task instance: running
[2025-01-28T11:01:03.497+0000] {logging_mixin.py:190} INFO - Dag name:raw_api_sales_data queued_at:2025-01-28 11:00:42.897421+00:00
[2025-01-28T11:01:03.498+0000] {logging_mixin.py:190} INFO - Task hostname:1de8b92bf5f9 operator:PythonOperator
[2025-01-28T11:01:03.528+0000] {local_task_job_runner.py:266} INFO - Task exited with return code 0
[2025-01-28T11:01:03.600+0000] {taskinstance.py:3895} INFO - 1 downstream tasks scheduled from follow-on schedule check
[2025-01-28T11:01:03.607+0000] {local_task_job_runner.py:245} INFO - ::endgroup::
