[2025-01-28T20:32:34.901+0000] {local_task_job_runner.py:123} INFO - ::group::Pre task execution logs
[2025-01-28T20:32:34.973+0000] {taskinstance.py:2613} INFO - Dependencies all met for dep_context=non-requeueable deps ti=<TaskInstance: raw_api_sales_data.fetch_sales_data_raw manual__2025-01-28T20:32:07.733087+00:00 [queued]>
[2025-01-28T20:32:35.014+0000] {taskinstance.py:2613} INFO - Dependencies all met for dep_context=requeueable deps ti=<TaskInstance: raw_api_sales_data.fetch_sales_data_raw manual__2025-01-28T20:32:07.733087+00:00 [queued]>
[2025-01-28T20:32:35.016+0000] {taskinstance.py:2866} INFO - Starting attempt 1 of 2
[2025-01-28T20:32:35.083+0000] {taskinstance.py:2889} INFO - Executing <Task(PythonOperator): fetch_sales_data_raw> on 2025-01-28 20:32:07.733087+00:00
[2025-01-28T20:32:35.130+0000] {warnings.py:112} WARNING - /home/***/.local/lib/python3.12/site-packages/***/task/task_runner/standard_task_runner.py:70: DeprecationWarning: This process (pid=5668) is multi-threaded, use of fork() may lead to deadlocks in the child.
  pid = os.fork()

[2025-01-28T20:32:35.134+0000] {standard_task_runner.py:72} INFO - Started process 5677 to run task
[2025-01-28T20:32:35.136+0000] {standard_task_runner.py:104} INFO - Running: ['***', 'tasks', 'run', 'raw_api_sales_data', 'fetch_sales_data_raw', 'manual__2025-01-28T20:32:07.733087+00:00', '--job-id', '173', '--raw', '--subdir', 'DAGS_FOLDER/raw/dag_load_sales_data_to_db.py', '--cfg-path', '/tmp/tmpt_76bfsn']
[2025-01-28T20:32:35.141+0000] {standard_task_runner.py:105} INFO - Job 173: Subtask fetch_sales_data_raw
[2025-01-28T20:32:35.326+0000] {task_command.py:467} INFO - Running <TaskInstance: raw_api_sales_data.fetch_sales_data_raw manual__2025-01-28T20:32:07.733087+00:00 [running]> on host 1de8b92bf5f9
[2025-01-28T20:32:35.626+0000] {taskinstance.py:3132} INFO - Exporting env vars: AIRFLOW_CTX_DAG_OWNER='***' AIRFLOW_CTX_DAG_ID='raw_api_sales_data' AIRFLOW_CTX_TASK_ID='fetch_sales_data_raw' AIRFLOW_CTX_EXECUTION_DATE='2025-01-28T20:32:07.733087+00:00' AIRFLOW_CTX_TRY_NUMBER='1' AIRFLOW_CTX_DAG_RUN_ID='manual__2025-01-28T20:32:07.733087+00:00'
[2025-01-28T20:32:35.630+0000] {logging_mixin.py:190} INFO - Task instance is in running state
[2025-01-28T20:32:35.632+0000] {logging_mixin.py:190} INFO -  Previous state of the Task instance: queued
[2025-01-28T20:32:35.634+0000] {logging_mixin.py:190} INFO - Current task name:fetch_sales_data_raw state:running start_date:2025-01-28 20:32:34.977625+00:00
[2025-01-28T20:32:35.637+0000] {logging_mixin.py:190} INFO - Dag name:raw_api_sales_data and current dag run status:running
[2025-01-28T20:32:35.639+0000] {taskinstance.py:731} INFO - ::endgroup::
[2025-01-28T20:32:37.441+0000] {raw_fetch_sales_api.py:23} INFO - Successfully fetched sales data from the API.
[2025-01-28T20:32:37.505+0000] {python.py:240} INFO - Done. Returned value was: [{'order_id': 1340, 'order_date': '2020-12-11', 'quantity': 1, 'payment_method': 'Cash', 'order_status': 'Cancelled', 'customer_id': 339, 'customer_name': 'Lorne Kidde', 'email': 'lkidde0@delicious.com', 'gender': 'Female', 'country_code': 'PE', 'product_id': 891, 'product_name': 'Veal - Eye Of Round', 'unit_price': 836.36}, {'order_id': 5257, 'order_date': '2023-06-28', 'quantity': 2, 'payment_method': 'PayPal', 'order_status': 'Processing', 'customer_id': 371, 'customer_name': 'Renaud Swidenbank', 'email': 'rswidenbank1@list-manage.com', 'gender': 'Male', 'country_code': 'PL', 'product_id': 801, 'product_name': 'Lotus Leaves', 'unit_price': 870.93}, {'order_id': 5339, 'order_date': '2022-06-24', 'quantity': 3, 'payment_method': 'Credit Card', 'order_status': 'Shipped', 'customer_id': 442, 'customer_name': 'Tamiko Minchinden', 'email': 'tminchinden2@sciencedaily.com', 'gender': 'Genderqueer', 'country_code': 'PT', 'product_id': 529, 'product_name': 'The Pop Shoppe - Root Beer', 'unit_price': 397.06}, {'order_id': 3266, 'order_date': '2022-02-25', 'quantity': 3, 'payment_method': 'Debit Card', 'order_status': 'Cancelled', 'customer_id': 370, 'customer_name': 'Alejoa Giacobelli', 'email': 'agiacobelli3@whitehouse.gov', 'gender': 'Male', 'country_code': 'CV', 'product_id': 525, 'product_name': 'Zucchini - Green', 'unit_price': 197.6}, {'order_id': 3189, 'order_date': '2023-10-29', 'quantity': 2, 'payment_method': 'PayPal', 'order_status': 'Returned', 'customer_id': 328, 'customer_name': 'Ronny Brechin', 'email': 'rbrechin4@time.com', 'gender': 'Male', 'country_code': 'CN', 'product_id': 756, 'product_name': 'Egg Patty Fried', 'unit_price': 278.45}, {'order_id': 2500, 'order_date': '2021-01-30', 'quantity': 2, 'payment_method': 'Cash', 'order_status': 'Returned', 'customer_id': 439, 'customer_name': 'Sonnie Freddi', 'email': 'sfreddi5@samsung.com', 'gender': 'Male', 'country_code': 'FR', 'product_id': 594, 'product_name': 'Jam - Raspberry', 'unit_price': 473.43}, {'order_id': 2200, 'order_date': '2021-12-28', 'quantity': 1, 'payment_method': 'Debit Card', 'order_status': 'Returned', 'customer_id': 215, 'customer_name': 'Arleen Hould', 'email': 'ahould6@tumblr.com', 'gender': 'Female', 'country_code': 'VN', 'product_id': 796, 'product_name': 'Sausage - Meat', 'unit_price': 545.66}, {'order_id': 2020, 'order_date': '2023-07-12', 'quantity': 2, 'payment_method': 'Credit Card', 'order_status': 'Delivered', 'customer_id': 759, 'customer_name': 'Frasquito Elster', 'email': 'felster7@mit.edu', 'gender': 'Male', 'country_code': 'CN', 'product_id': 772, 'product_name': 'Glaze - Apricot', 'unit_price': 584.94}, {'order_id': 5552, 'order_date': '2023-05-14', 'quantity': 2, 'payment_method': 'PayPal', 'order_status': 'Cancelled', 'customer_id': 243, 'customer_name': 'Wilhelmine Hansberry', 'email': 'whansberry8@blinklist.com', 'gender': 'Female', 'country_code': 'CN', 'product_id': 887, 'product_name': 'Cheese - Cheddar, Medium', 'unit_price': 632.23}, {'order_id': 9960, 'order_date': '2021-06-03', 'quantity': 2, 'payment_method': 'Credit Card', 'order_status': 'Shipped', 'customer_id': 366, 'customer_name': 'Ollie Gerram', 'email': 'ogerram9@amazon.com', 'gender': 'Female', 'country_code': 'VE', 'product_id': 780, 'product_name': 'Sauce - Marinara', 'unit_price': 163.1}]
[2025-01-28T20:32:37.581+0000] {taskinstance.py:340} INFO - ::group::Post task execution logs
[2025-01-28T20:32:37.582+0000] {taskinstance.py:352} INFO - Marking task as SUCCESS. dag_id=raw_api_sales_data, task_id=fetch_sales_data_raw, run_id=manual__2025-01-28T20:32:07.733087+00:00, execution_date=20250128T203207, start_date=20250128T203234, end_date=20250128T203237
[2025-01-28T20:32:37.614+0000] {logging_mixin.py:190} INFO - Task instance in success state
[2025-01-28T20:32:37.615+0000] {logging_mixin.py:190} INFO -  Previous state of the Task instance: running
[2025-01-28T20:32:37.617+0000] {logging_mixin.py:190} INFO - Dag name:raw_api_sales_data queued_at:2025-01-28 20:32:08.253605+00:00
[2025-01-28T20:32:37.618+0000] {logging_mixin.py:190} INFO - Task hostname:1de8b92bf5f9 operator:PythonOperator
[2025-01-28T20:32:37.661+0000] {local_task_job_runner.py:266} INFO - Task exited with return code 0
[2025-01-28T20:32:37.715+0000] {taskinstance.py:3895} INFO - 1 downstream tasks scheduled from follow-on schedule check
[2025-01-28T20:32:37.722+0000] {local_task_job_runner.py:245} INFO - ::endgroup::
