[2025-01-28T19:17:36.851+0000] {local_task_job_runner.py:123} INFO - ::group::Pre task execution logs
[2025-01-28T19:17:36.913+0000] {taskinstance.py:2613} INFO - Dependencies all met for dep_context=non-requeueable deps ti=<TaskInstance: raw_api_sales_data.fetch_sales_data_raw manual__2025-01-28T19:17:16.874796+00:00 [queued]>
[2025-01-28T19:17:36.938+0000] {taskinstance.py:2613} INFO - Dependencies all met for dep_context=requeueable deps ti=<TaskInstance: raw_api_sales_data.fetch_sales_data_raw manual__2025-01-28T19:17:16.874796+00:00 [queued]>
[2025-01-28T19:17:36.940+0000] {taskinstance.py:2866} INFO - Starting attempt 1 of 2
[2025-01-28T19:17:36.987+0000] {taskinstance.py:2889} INFO - Executing <Task(PythonOperator): fetch_sales_data_raw> on 2025-01-28 19:17:16.874796+00:00
[2025-01-28T19:17:37.017+0000] {warnings.py:112} WARNING - /home/***/.local/lib/python3.12/site-packages/***/task/task_runner/standard_task_runner.py:70: DeprecationWarning: This process (pid=4782) is multi-threaded, use of fork() may lead to deadlocks in the child.
  pid = os.fork()

[2025-01-28T19:17:37.026+0000] {standard_task_runner.py:72} INFO - Started process 4791 to run task
[2025-01-28T19:17:37.029+0000] {standard_task_runner.py:104} INFO - Running: ['***', 'tasks', 'run', 'raw_api_sales_data', 'fetch_sales_data_raw', 'manual__2025-01-28T19:17:16.874796+00:00', '--job-id', '163', '--raw', '--subdir', 'DAGS_FOLDER/raw/dag_load_sales_data_to_db.py', '--cfg-path', '/tmp/tmpdjaozf24']
[2025-01-28T19:17:37.033+0000] {standard_task_runner.py:105} INFO - Job 163: Subtask fetch_sales_data_raw
[2025-01-28T19:17:37.164+0000] {task_command.py:467} INFO - Running <TaskInstance: raw_api_sales_data.fetch_sales_data_raw manual__2025-01-28T19:17:16.874796+00:00 [running]> on host 1de8b92bf5f9
[2025-01-28T19:17:37.439+0000] {taskinstance.py:3132} INFO - Exporting env vars: AIRFLOW_CTX_DAG_OWNER='***' AIRFLOW_CTX_DAG_ID='raw_api_sales_data' AIRFLOW_CTX_TASK_ID='fetch_sales_data_raw' AIRFLOW_CTX_EXECUTION_DATE='2025-01-28T19:17:16.874796+00:00' AIRFLOW_CTX_TRY_NUMBER='1' AIRFLOW_CTX_DAG_RUN_ID='manual__2025-01-28T19:17:16.874796+00:00'
[2025-01-28T19:17:37.441+0000] {logging_mixin.py:190} INFO - Task instance is in running state
[2025-01-28T19:17:37.442+0000] {logging_mixin.py:190} INFO -  Previous state of the Task instance: queued
[2025-01-28T19:17:37.443+0000] {logging_mixin.py:190} INFO - Current task name:fetch_sales_data_raw state:running start_date:2025-01-28 19:17:36.915048+00:00
[2025-01-28T19:17:37.444+0000] {logging_mixin.py:190} INFO - Dag name:raw_api_sales_data and current dag run status:running
[2025-01-28T19:17:37.445+0000] {taskinstance.py:731} INFO - ::endgroup::
[2025-01-28T19:17:39.228+0000] {raw_fetch_sales_api.py:23} INFO - Successfully fetched sales data from the API.
[2025-01-28T19:17:39.277+0000] {python.py:240} INFO - Done. Returned value was: [{'order_id': 6973, 'order_date': '2024-02-21', 'quantity': 3, 'payment_method': 'Check', 'order_status': 'Cancelled', 'customer_id': 673, 'customer_name': 'Miquela Moon', 'email': 'mmoon0@amazon.de', 'gender': 'Female', 'country_code': 'CN', 'product_id': 776, 'product_name': 'Beef - Inside Round', 'unit_price': 988.95}, {'order_id': 6037, 'order_date': '2023-11-25', 'quantity': 3, 'payment_method': 'Credit Card', 'order_status': 'Cancelled', 'customer_id': 809, 'customer_name': 'Sorcha Bowmen', 'email': 'sbowmen1@bluehost.com', 'gender': 'Female', 'country_code': 'CN', 'product_id': 631, 'product_name': 'Sauce - Demi Glace', 'unit_price': 150.88}, {'order_id': 9970, 'order_date': '2023-07-26', 'quantity': 3, 'payment_method': 'Debit Card', 'order_status': 'Returned', 'customer_id': 206, 'customer_name': 'Padriac McGowing', 'email': 'pmcgowing2@edublogs.org', 'gender': 'Male', 'country_code': 'IE', 'product_id': 656, 'product_name': 'Cheese - Brie, Cups 125g', 'unit_price': 120.53}, {'order_id': 7468, 'order_date': '2023-08-07', 'quantity': 2, 'payment_method': 'Credit Card', 'order_status': 'Shipped', 'customer_id': 174, 'customer_name': 'Jeffrey Wallbank', 'email': 'jwallbank3@umn.edu', 'gender': 'Male', 'country_code': 'SE', 'product_id': 793, 'product_name': 'Beef - Tenderloin - Aa', 'unit_price': 732.58}, {'order_id': 1945, 'order_date': '2022-12-13', 'quantity': 2, 'payment_method': 'Check', 'order_status': 'Cancelled', 'customer_id': 659, 'customer_name': 'Roshelle Flude', 'email': 'rflude4@whitehouse.gov', 'gender': 'Female', 'country_code': 'PH', 'product_id': 810, 'product_name': 'Beef - Tongue, Cooked', 'unit_price': 803.59}, {'order_id': 8982, 'order_date': '2021-10-07', 'quantity': 3, 'payment_method': 'PayPal', 'order_status': 'Cancelled', 'customer_id': 254, 'customer_name': 'Dino Croney', 'email': 'dcroney5@utexas.edu', 'gender': 'Male', 'country_code': 'PH', 'product_id': 777, 'product_name': 'Apricots Fresh', 'unit_price': 783.35}, {'order_id': 4516, 'order_date': '2023-01-26', 'quantity': 2, 'payment_method': 'Debit Card', 'order_status': 'Delivered', 'customer_id': 101, 'customer_name': 'Elene Domini', 'email': 'edomini6@fc2.com', 'gender': 'Female', 'country_code': 'CN', 'product_id': 582, 'product_name': 'Mahi Mahi', 'unit_price': 904.48}, {'order_id': 4363, 'order_date': '2023-05-01', 'quantity': 1, 'payment_method': 'Cash', 'order_status': 'Returned', 'customer_id': 798, 'customer_name': 'Andy MacGall', 'email': 'amacgall7@mysql.com', 'gender': 'Male', 'country_code': 'CN', 'product_id': 532, 'product_name': 'Brandy Cherry - Mcguinness', 'unit_price': 638.46}, {'order_id': 6580, 'order_date': '2022-01-03', 'quantity': 2, 'payment_method': 'Credit Card', 'order_status': 'Shipped', 'customer_id': 536, 'customer_name': 'Fields Mattek', 'email': 'fmattek8@paginegialle.it', 'gender': 'Male', 'country_code': 'ID', 'product_id': 802, 'product_name': 'Energy Drink Bawls', 'unit_price': 277.25}, {'order_id': 5088, 'order_date': '2022-06-19', 'quantity': 2, 'payment_method': 'Check', 'order_status': 'Shipped', 'customer_id': 469, 'customer_name': 'Leona Pohl', 'email': 'lpohl9@com.com', 'gender': 'Female', 'country_code': 'CN', 'product_id': 875, 'product_name': 'Coffee - Egg Nog Capuccino', 'unit_price': 604.06}]
[2025-01-28T19:17:39.339+0000] {taskinstance.py:340} INFO - ::group::Post task execution logs
[2025-01-28T19:17:39.341+0000] {taskinstance.py:352} INFO - Marking task as SUCCESS. dag_id=raw_api_sales_data, task_id=fetch_sales_data_raw, run_id=manual__2025-01-28T19:17:16.874796+00:00, execution_date=20250128T191716, start_date=20250128T191736, end_date=20250128T191739
[2025-01-28T19:17:39.369+0000] {logging_mixin.py:190} INFO - Task instance in success state
[2025-01-28T19:17:39.370+0000] {logging_mixin.py:190} INFO -  Previous state of the Task instance: running
[2025-01-28T19:17:39.372+0000] {logging_mixin.py:190} INFO - Dag name:raw_api_sales_data queued_at:2025-01-28 19:17:17.835600+00:00
[2025-01-28T19:17:39.373+0000] {logging_mixin.py:190} INFO - Task hostname:1de8b92bf5f9 operator:PythonOperator
[2025-01-28T19:17:39.422+0000] {local_task_job_runner.py:266} INFO - Task exited with return code 0
[2025-01-28T19:17:39.480+0000] {taskinstance.py:3895} INFO - 1 downstream tasks scheduled from follow-on schedule check
[2025-01-28T19:17:39.487+0000] {local_task_job_runner.py:245} INFO - ::endgroup::
