[2025-01-28T09:50:39.356+0000] {local_task_job_runner.py:123} INFO - ::group::Pre task execution logs
[2025-01-28T09:50:39.415+0000] {taskinstance.py:2613} INFO - Dependencies all met for dep_context=non-requeueable deps ti=<TaskInstance: raw_api_sales_data.01-fetch_sales_data_api manual__2025-01-28T09:50:26.164854+00:00 [queued]>
[2025-01-28T09:50:39.435+0000] {taskinstance.py:2613} INFO - Dependencies all met for dep_context=requeueable deps ti=<TaskInstance: raw_api_sales_data.01-fetch_sales_data_api manual__2025-01-28T09:50:26.164854+00:00 [queued]>
[2025-01-28T09:50:39.437+0000] {taskinstance.py:2866} INFO - Starting attempt 1 of 2
[2025-01-28T09:50:39.801+0000] {taskinstance.py:2889} INFO - Executing <Task(PythonOperator): 01-fetch_sales_data_api> on 2025-01-28 09:50:26.164854+00:00
[2025-01-28T09:50:39.828+0000] {warnings.py:112} WARNING - /home/***/.local/lib/python3.12/site-packages/***/task/task_runner/standard_task_runner.py:70: DeprecationWarning: This process (pid=3533) is multi-threaded, use of fork() may lead to deadlocks in the child.
  pid = os.fork()

[2025-01-28T09:50:39.835+0000] {standard_task_runner.py:72} INFO - Started process 3535 to run task
[2025-01-28T09:50:39.840+0000] {standard_task_runner.py:104} INFO - Running: ['***', 'tasks', 'run', 'raw_api_sales_data', '01-fetch_sales_data_api', 'manual__2025-01-28T09:50:26.164854+00:00', '--job-id', '135', '--raw', '--subdir', 'DAGS_FOLDER/raw/dag_load_sales_data_to_db.py', '--cfg-path', '/tmp/tmp8xsfb7if']
[2025-01-28T09:50:39.846+0000] {standard_task_runner.py:105} INFO - Job 135: Subtask 01-fetch_sales_data_api
[2025-01-28T09:50:40.039+0000] {task_command.py:467} INFO - Running <TaskInstance: raw_api_sales_data.01-fetch_sales_data_api manual__2025-01-28T09:50:26.164854+00:00 [running]> on host 1de8b92bf5f9
[2025-01-28T09:50:40.283+0000] {taskinstance.py:3132} INFO - Exporting env vars: AIRFLOW_CTX_DAG_OWNER='***' AIRFLOW_CTX_DAG_ID='raw_api_sales_data' AIRFLOW_CTX_TASK_ID='01-fetch_sales_data_api' AIRFLOW_CTX_EXECUTION_DATE='2025-01-28T09:50:26.164854+00:00' AIRFLOW_CTX_TRY_NUMBER='1' AIRFLOW_CTX_DAG_RUN_ID='manual__2025-01-28T09:50:26.164854+00:00'
[2025-01-28T09:50:40.291+0000] {logging_mixin.py:190} INFO - Task instance is in running state
[2025-01-28T09:50:40.295+0000] {logging_mixin.py:190} INFO -  Previous state of the Task instance: queued
[2025-01-28T09:50:40.298+0000] {logging_mixin.py:190} INFO - Current task name:01-fetch_sales_data_api state:running start_date:2025-01-28 09:50:39.417065+00:00
[2025-01-28T09:50:40.302+0000] {logging_mixin.py:190} INFO - Dag name:raw_api_sales_data and current dag run status:running
[2025-01-28T09:50:40.305+0000] {taskinstance.py:731} INFO - ::endgroup::
[2025-01-28T09:50:43.788+0000] {raw_fetch_sales_api.py:23} INFO - Successfully fetched sales data from the API.
[2025-01-28T09:50:43.869+0000] {python.py:240} INFO - Done. Returned value was: None
[2025-01-28T09:50:43.901+0000] {taskinstance.py:340} INFO - ::group::Post task execution logs
[2025-01-28T09:50:43.903+0000] {taskinstance.py:352} INFO - Marking task as SUCCESS. dag_id=raw_api_sales_data, task_id=01-fetch_sales_data_api, run_id=manual__2025-01-28T09:50:26.164854+00:00, execution_date=20250128T095026, start_date=20250128T095039, end_date=20250128T095043
[2025-01-28T09:50:43.938+0000] {logging_mixin.py:190} INFO - Task instance in success state
[2025-01-28T09:50:43.940+0000] {logging_mixin.py:190} INFO -  Previous state of the Task instance: running
[2025-01-28T09:50:43.941+0000] {logging_mixin.py:190} INFO - Dag name:raw_api_sales_data queued_at:2025-01-28 09:50:26.986660+00:00
[2025-01-28T09:50:43.943+0000] {logging_mixin.py:190} INFO - Task hostname:1de8b92bf5f9 operator:PythonOperator
[2025-01-28T09:50:44.023+0000] {local_task_job_runner.py:266} INFO - Task exited with return code 0
[2025-01-28T09:50:44.123+0000] {taskinstance.py:3895} INFO - 1 downstream tasks scheduled from follow-on schedule check
[2025-01-28T09:50:44.129+0000] {local_task_job_runner.py:245} INFO - ::endgroup::
