[2025-01-27T20:19:49.420+0000] {local_task_job_runner.py:123} INFO - ::group::Pre task execution logs
[2025-01-27T20:19:49.456+0000] {taskinstance.py:2613} INFO - Dependencies all met for dep_context=non-requeueable deps ti=<TaskInstance: raw_api_sales_data.fetch_sales_data_api scheduled__2025-01-25T00:00:00+00:00 [queued]>
[2025-01-27T20:19:49.478+0000] {taskinstance.py:2613} INFO - Dependencies all met for dep_context=requeueable deps ti=<TaskInstance: raw_api_sales_data.fetch_sales_data_api scheduled__2025-01-25T00:00:00+00:00 [queued]>
[2025-01-27T20:19:49.480+0000] {taskinstance.py:2866} INFO - Starting attempt 1 of 2
[2025-01-27T20:19:49.723+0000] {taskinstance.py:2889} INFO - Executing <Task(PythonOperator): fetch_sales_data_api> on 2025-01-25 00:00:00+00:00
[2025-01-27T20:19:49.736+0000] {warnings.py:112} WARNING - /home/***/.local/lib/python3.12/site-packages/***/task/task_runner/standard_task_runner.py:70: DeprecationWarning: This process (pid=76) is multi-threaded, use of fork() may lead to deadlocks in the child.
  pid = os.fork()

[2025-01-27T20:19:49.738+0000] {standard_task_runner.py:72} INFO - Started process 80 to run task
[2025-01-27T20:19:49.740+0000] {standard_task_runner.py:104} INFO - Running: ['***', 'tasks', 'run', 'raw_api_sales_data', 'fetch_sales_data_api', 'scheduled__2025-01-25T00:00:00+00:00', '--job-id', '36', '--raw', '--subdir', 'DAGS_FOLDER/raw/dag_load_sales_data_to_db.py', '--cfg-path', '/tmp/tmpgwvjrpwl']
[2025-01-27T20:19:49.743+0000] {standard_task_runner.py:105} INFO - Job 36: Subtask fetch_sales_data_api
[2025-01-27T20:19:49.840+0000] {task_command.py:467} INFO - Running <TaskInstance: raw_api_sales_data.fetch_sales_data_api scheduled__2025-01-25T00:00:00+00:00 [running]> on host 1de8b92bf5f9
[2025-01-27T20:19:50.017+0000] {taskinstance.py:3132} INFO - Exporting env vars: AIRFLOW_CTX_DAG_OWNER='***' AIRFLOW_CTX_DAG_ID='raw_api_sales_data' AIRFLOW_CTX_TASK_ID='fetch_sales_data_api' AIRFLOW_CTX_EXECUTION_DATE='2025-01-25T00:00:00+00:00' AIRFLOW_CTX_TRY_NUMBER='1' AIRFLOW_CTX_DAG_RUN_ID='scheduled__2025-01-25T00:00:00+00:00'
[2025-01-27T20:19:50.020+0000] {logging_mixin.py:190} INFO - Task instance is in running state
[2025-01-27T20:19:50.021+0000] {logging_mixin.py:190} INFO -  Previous state of the Task instance: queued
[2025-01-27T20:19:50.022+0000] {logging_mixin.py:190} INFO - Current task name:fetch_sales_data_api state:running start_date:2025-01-27 20:19:49.459421+00:00
[2025-01-27T20:19:50.023+0000] {logging_mixin.py:190} INFO - Dag name:raw_api_sales_data and current dag run status:running
[2025-01-27T20:19:50.023+0000] {taskinstance.py:731} INFO - ::endgroup::
[2025-01-27T20:19:53.174+0000] {raw_fetch_sales_api.py:23} INFO - Successfully fetched sales data from the API.
[2025-01-27T20:19:53.260+0000] {python.py:240} INFO - Done. Returned value was: None
[2025-01-27T20:19:53.329+0000] {taskinstance.py:340} INFO - ::group::Post task execution logs
[2025-01-27T20:19:53.336+0000] {taskinstance.py:352} INFO - Marking task as SUCCESS. dag_id=raw_api_sales_data, task_id=fetch_sales_data_api, run_id=scheduled__2025-01-25T00:00:00+00:00, execution_date=20250125T000000, start_date=20250127T201949, end_date=20250127T201953
[2025-01-27T20:19:53.369+0000] {logging_mixin.py:190} INFO - Task instance in success state
[2025-01-27T20:19:53.370+0000] {logging_mixin.py:190} INFO -  Previous state of the Task instance: running
[2025-01-27T20:19:53.371+0000] {logging_mixin.py:190} INFO - Dag name:raw_api_sales_data queued_at:2025-01-27 20:19:14.562907+00:00
[2025-01-27T20:19:53.372+0000] {logging_mixin.py:190} INFO - Task hostname:1de8b92bf5f9 operator:PythonOperator
[2025-01-27T20:19:53.418+0000] {local_task_job_runner.py:266} INFO - Task exited with return code 0
[2025-01-27T20:19:53.545+0000] {taskinstance.py:3895} INFO - 1 downstream tasks scheduled from follow-on schedule check
[2025-01-27T20:19:53.561+0000] {local_task_job_runner.py:245} INFO - ::endgroup::
