[2025-01-28T21:53:35.377+0000] {local_task_job_runner.py:123} INFO - ::group::Pre task execution logs
[2025-01-28T21:53:35.422+0000] {taskinstance.py:2613} INFO - Dependencies all met for dep_context=non-requeueable deps ti=<TaskInstance: raw_api_sales_data.fetch_sales_data_raw manual__2025-01-28T21:51:57.056188+00:00 [queued]>
[2025-01-28T21:53:35.445+0000] {taskinstance.py:2613} INFO - Dependencies all met for dep_context=requeueable deps ti=<TaskInstance: raw_api_sales_data.fetch_sales_data_raw manual__2025-01-28T21:51:57.056188+00:00 [queued]>
[2025-01-28T21:53:35.447+0000] {taskinstance.py:2866} INFO - Starting attempt 1 of 2
[2025-01-28T21:53:35.510+0000] {taskinstance.py:2889} INFO - Executing <Task(PythonOperator): fetch_sales_data_raw> on 2025-01-28 21:51:57.056188+00:00
[2025-01-28T21:53:35.534+0000] {warnings.py:112} WARNING - /home/***/.local/lib/python3.12/site-packages/***/task/task_runner/standard_task_runner.py:70: DeprecationWarning: This process (pid=6646) is multi-threaded, use of fork() may lead to deadlocks in the child.
  pid = os.fork()

[2025-01-28T21:53:35.540+0000] {standard_task_runner.py:72} INFO - Started process 6655 to run task
[2025-01-28T21:53:35.540+0000] {standard_task_runner.py:104} INFO - Running: ['***', 'tasks', 'run', 'raw_api_sales_data', 'fetch_sales_data_raw', 'manual__2025-01-28T21:51:57.056188+00:00', '--job-id', '178', '--raw', '--subdir', 'DAGS_FOLDER/raw/dag_load_sales_data_to_db.py', '--cfg-path', '/tmp/tmp082gne0q']
[2025-01-28T21:53:35.545+0000] {standard_task_runner.py:105} INFO - Job 178: Subtask fetch_sales_data_raw
[2025-01-28T21:53:35.761+0000] {task_command.py:467} INFO - Running <TaskInstance: raw_api_sales_data.fetch_sales_data_raw manual__2025-01-28T21:51:57.056188+00:00 [running]> on host 1de8b92bf5f9
[2025-01-28T21:53:36.156+0000] {taskinstance.py:3132} INFO - Exporting env vars: AIRFLOW_CTX_DAG_OWNER='***' AIRFLOW_CTX_DAG_ID='raw_api_sales_data' AIRFLOW_CTX_TASK_ID='fetch_sales_data_raw' AIRFLOW_CTX_EXECUTION_DATE='2025-01-28T21:51:57.056188+00:00' AIRFLOW_CTX_TRY_NUMBER='1' AIRFLOW_CTX_DAG_RUN_ID='manual__2025-01-28T21:51:57.056188+00:00'
[2025-01-28T21:53:36.165+0000] {logging_mixin.py:190} INFO - Task instance is in running state
[2025-01-28T21:53:36.166+0000] {logging_mixin.py:190} INFO -  Previous state of the Task instance: queued
[2025-01-28T21:53:36.168+0000] {logging_mixin.py:190} INFO - Current task name:fetch_sales_data_raw state:running start_date:2025-01-28 21:53:35.424412+00:00
[2025-01-28T21:53:36.169+0000] {logging_mixin.py:190} INFO - Dag name:raw_api_sales_data and current dag run status:running
[2025-01-28T21:53:36.171+0000] {taskinstance.py:731} INFO - ::endgroup::
[2025-01-28T21:53:37.765+0000] {raw_fetch_sales_api.py:23} INFO - Successfully fetched sales data from the API.
[2025-01-28T21:53:37.806+0000] {python.py:240} INFO - Done. Returned value was: [{'order_id': 5265, 'order_date': '2021-11-10', 'quantity': 1, 'payment_method': 'Check', 'order_status': 'Cancelled', 'customer_id': 750, 'customer_name': 'Josy Bearman', 'email': 'jbearman0@dell.com', 'gender': 'Female', 'country_code': 'ID', 'product_id': 787, 'product_name': 'Sachet', 'unit_price': 146.28}, {'order_id': 5061, 'order_date': '2024-09-08', 'quantity': 2, 'payment_method': 'Check', 'order_status': 'Returned', 'customer_id': 736, 'customer_name': 'Elysha Strowan', 'email': 'estrowan1@nih.gov', 'gender': 'Polygender', 'country_code': 'ID', 'product_id': 756, 'product_name': 'Beef - Ground Lean Fresh', 'unit_price': 132.57}, {'order_id': 3130, 'order_date': '2020-10-22', 'quantity': 1, 'payment_method': 'PayPal', 'order_status': 'Returned', 'customer_id': 672, 'customer_name': "Marleen O' Mullane", 'email': 'mo2@github.io', 'gender': 'Female', 'country_code': 'SE', 'product_id': 727, 'product_name': 'Tahini Paste', 'unit_price': 935.92}, {'order_id': 6021, 'order_date': '2021-12-05', 'quantity': 2, 'payment_method': 'Check', 'order_status': 'Returned', 'customer_id': 758, 'customer_name': 'Lefty Rawlinson', 'email': 'lrawlinson3@mlb.com', 'gender': 'Male', 'country_code': 'RU', 'product_id': 808, 'product_name': 'Shrimp - Prawn', 'unit_price': 681.71}, {'order_id': 4119, 'order_date': '2023-06-13', 'quantity': 3, 'payment_method': 'Cash', 'order_status': 'Cancelled', 'customer_id': 758, 'customer_name': 'Mattias Stormouth', 'email': 'mstormouth4@wordpress.com', 'gender': 'Male', 'country_code': 'US', 'product_id': 879, 'product_name': 'Star Anise, Whole', 'unit_price': 801.34}, {'order_id': 6147, 'order_date': '2022-12-18', 'quantity': 3, 'payment_method': 'Credit Card', 'order_status': 'Processing', 'customer_id': 143, 'customer_name': 'Jedd Lemoir', 'email': 'jlemoir5@dropbox.com', 'gender': 'Male', 'country_code': 'CN', 'product_id': 887, 'product_name': 'Cocoa Butter', 'unit_price': 161.27}, {'order_id': 9939, 'order_date': '2021-08-11', 'quantity': 2, 'payment_method': 'Check', 'order_status': 'Processing', 'customer_id': 158, 'customer_name': 'Consuelo Tulip', 'email': 'ctulip6@feedburner.com', 'gender': 'Female', 'country_code': 'ID', 'product_id': 698, 'product_name': 'Oranges - Navel, 72', 'unit_price': 684.34}, {'order_id': 8361, 'order_date': '2021-10-29', 'quantity': 1, 'payment_method': 'Check', 'order_status': 'Processing', 'customer_id': 958, 'customer_name': 'Ruprecht Bohlmann', 'email': 'rbohlmann7@privacy.gov.au', 'gender': 'Genderqueer', 'country_code': 'PL', 'product_id': 597, 'product_name': 'Chicken Thigh - Bone Out', 'unit_price': 593.86}, {'order_id': 4542, 'order_date': '2023-08-02', 'quantity': 3, 'payment_method': 'Credit Card', 'order_status': 'Processing', 'customer_id': 511, 'customer_name': 'Nolan Tee', 'email': 'ntee8@seesaa.net', 'gender': 'Male', 'country_code': 'CN', 'product_id': 707, 'product_name': 'Laundry - Bag Cloth', 'unit_price': 185.22}, {'order_id': 8852, 'order_date': '2022-02-15', 'quantity': 3, 'payment_method': 'Cash', 'order_status': 'Delivered', 'customer_id': 834, 'customer_name': 'Lanette Maysor', 'email': 'lmaysor9@hao123.com', 'gender': 'Bigender', 'country_code': 'PE', 'product_id': 799, 'product_name': 'Bag - Regular Kraft 20 Lb', 'unit_price': 472.16}]
[2025-01-28T21:53:37.873+0000] {taskinstance.py:340} INFO - ::group::Post task execution logs
[2025-01-28T21:53:37.875+0000] {taskinstance.py:352} INFO - Marking task as SUCCESS. dag_id=raw_api_sales_data, task_id=fetch_sales_data_raw, run_id=manual__2025-01-28T21:51:57.056188+00:00, execution_date=20250128T215157, start_date=20250128T215335, end_date=20250128T215337
[2025-01-28T21:53:37.908+0000] {logging_mixin.py:190} INFO - Task instance in success state
[2025-01-28T21:53:37.909+0000] {logging_mixin.py:190} INFO -  Previous state of the Task instance: running
[2025-01-28T21:53:37.910+0000] {logging_mixin.py:190} INFO - Dag name:raw_api_sales_data queued_at:2025-01-28 21:51:57.172193+00:00
[2025-01-28T21:53:37.911+0000] {logging_mixin.py:190} INFO - Task hostname:1de8b92bf5f9 operator:PythonOperator
[2025-01-28T21:53:37.949+0000] {local_task_job_runner.py:266} INFO - Task exited with return code 0
[2025-01-28T21:53:37.989+0000] {taskinstance.py:3895} INFO - 1 downstream tasks scheduled from follow-on schedule check
[2025-01-28T21:53:37.996+0000] {local_task_job_runner.py:245} INFO - ::endgroup::
