[2025-01-28T22:19:27.166+0000] {local_task_job_runner.py:123} INFO - ::group::Pre task execution logs
[2025-01-28T22:19:27.213+0000] {taskinstance.py:2613} INFO - Dependencies all met for dep_context=non-requeueable deps ti=<TaskInstance: raw_api_sales_data.fetch_sales_data_raw manual__2025-01-28T22:18:40.376913+00:00 [queued]>
[2025-01-28T22:19:27.245+0000] {taskinstance.py:2613} INFO - Dependencies all met for dep_context=requeueable deps ti=<TaskInstance: raw_api_sales_data.fetch_sales_data_raw manual__2025-01-28T22:18:40.376913+00:00 [queued]>
[2025-01-28T22:19:27.247+0000] {taskinstance.py:2866} INFO - Starting attempt 1 of 2
[2025-01-28T22:19:27.321+0000] {taskinstance.py:2889} INFO - Executing <Task(PythonOperator): fetch_sales_data_raw> on 2025-01-28 22:18:40.376913+00:00
[2025-01-28T22:19:27.360+0000] {warnings.py:112} WARNING - /home/***/.local/lib/python3.12/site-packages/***/task/task_runner/standard_task_runner.py:70: DeprecationWarning: This process (pid=6949) is multi-threaded, use of fork() may lead to deadlocks in the child.
  pid = os.fork()

[2025-01-28T22:19:27.367+0000] {standard_task_runner.py:72} INFO - Started process 6958 to run task
[2025-01-28T22:19:27.364+0000] {standard_task_runner.py:104} INFO - Running: ['***', 'tasks', 'run', 'raw_api_sales_data', 'fetch_sales_data_raw', 'manual__2025-01-28T22:18:40.376913+00:00', '--job-id', '180', '--raw', '--subdir', 'DAGS_FOLDER/raw/dag_load_sales_data_to_db.py', '--cfg-path', '/tmp/tmpq1f7ga5x']
[2025-01-28T22:19:27.372+0000] {standard_task_runner.py:105} INFO - Job 180: Subtask fetch_sales_data_raw
[2025-01-28T22:19:27.510+0000] {task_command.py:467} INFO - Running <TaskInstance: raw_api_sales_data.fetch_sales_data_raw manual__2025-01-28T22:18:40.376913+00:00 [running]> on host 1de8b92bf5f9
[2025-01-28T22:19:27.908+0000] {taskinstance.py:3132} INFO - Exporting env vars: AIRFLOW_CTX_DAG_OWNER='***' AIRFLOW_CTX_DAG_ID='raw_api_sales_data' AIRFLOW_CTX_TASK_ID='fetch_sales_data_raw' AIRFLOW_CTX_EXECUTION_DATE='2025-01-28T22:18:40.376913+00:00' AIRFLOW_CTX_TRY_NUMBER='1' AIRFLOW_CTX_DAG_RUN_ID='manual__2025-01-28T22:18:40.376913+00:00'
[2025-01-28T22:19:27.913+0000] {logging_mixin.py:190} INFO - Task instance is in running state
[2025-01-28T22:19:27.914+0000] {logging_mixin.py:190} INFO -  Previous state of the Task instance: queued
[2025-01-28T22:19:27.915+0000] {logging_mixin.py:190} INFO - Current task name:fetch_sales_data_raw state:running start_date:2025-01-28 22:19:27.214815+00:00
[2025-01-28T22:19:27.916+0000] {logging_mixin.py:190} INFO - Dag name:raw_api_sales_data and current dag run status:running
[2025-01-28T22:19:27.918+0000] {taskinstance.py:731} INFO - ::endgroup::
[2025-01-28T22:19:30.455+0000] {raw_fetch_sales_api.py:23} INFO - Successfully fetched sales data from the API.
[2025-01-28T22:19:30.514+0000] {python.py:240} INFO - Done. Returned value was: [{'order_id': 6715, 'order_date': '2022-12-29', 'quantity': 2, 'payment_method': 'Check', 'order_status': 'Cancelled', 'customer_id': 979, 'customer_name': 'Amelina Cronkshaw', 'email': 'acronkshaw0@statcounter.com', 'gender': 'Female', 'country_code': 'IE', 'product_id': 628, 'product_name': 'Ketchup - Tomato', 'unit_price': 981.99}, {'order_id': 5179, 'order_date': '2022-11-29', 'quantity': 2, 'payment_method': 'Credit Card', 'order_status': 'Cancelled', 'customer_id': 238, 'customer_name': 'Berny Jurick', 'email': 'bjurick1@nba.com', 'gender': 'Female', 'country_code': 'KZ', 'product_id': 610, 'product_name': 'Oil - Truffle, White', 'unit_price': 449.67}, {'order_id': 4944, 'order_date': '2021-02-13', 'quantity': 1, 'payment_method': 'PayPal', 'order_status': 'Processing', 'customer_id': 952, 'customer_name': 'Ailis Brigg', 'email': 'abrigg2@cdbaby.com', 'gender': 'Female', 'country_code': 'CN', 'product_id': 588, 'product_name': 'Bay Leaf Fresh', 'unit_price': 792.56}, {'order_id': 2316, 'order_date': '2021-03-17', 'quantity': 1, 'payment_method': 'Debit Card', 'order_status': 'Returned', 'customer_id': 745, 'customer_name': 'Bebe Bushell', 'email': 'bbushell3@youku.com', 'gender': 'Female', 'country_code': 'SE', 'product_id': 541, 'product_name': 'Stock - Veal, White', 'unit_price': 133.36}, {'order_id': 7501, 'order_date': '2022-10-13', 'quantity': 2, 'payment_method': 'Cash', 'order_status': 'Delivered', 'customer_id': 735, 'customer_name': 'Latrina Domengue', 'email': 'ldomengue4@wisc.edu', 'gender': 'Female', 'country_code': 'ID', 'product_id': 721, 'product_name': 'Cinnamon - Ground', 'unit_price': 127.47}, {'order_id': 7237, 'order_date': '2024-08-21', 'quantity': 3, 'payment_method': 'Cash', 'order_status': 'Returned', 'customer_id': 415, 'customer_name': 'Siobhan Challiner', 'email': 'schalliner5@guardian.co.uk', 'gender': 'Female', 'country_code': 'CN', 'product_id': 616, 'product_name': 'Corn Shoots', 'unit_price': 151.34}, {'order_id': 3121, 'order_date': '2021-01-20', 'quantity': 3, 'payment_method': 'PayPal', 'order_status': 'Returned', 'customer_id': 790, 'customer_name': 'Dorene Simao', 'email': 'dsimao6@usgs.gov', 'gender': 'Female', 'country_code': 'DE', 'product_id': 899, 'product_name': 'Bread - French Stick', 'unit_price': 906.44}, {'order_id': 5646, 'order_date': '2023-02-27', 'quantity': 3, 'payment_method': 'Check', 'order_status': 'Returned', 'customer_id': 594, 'customer_name': 'Erroll Rodman', 'email': 'erodman7@scribd.com', 'gender': 'Male', 'country_code': 'TH', 'product_id': 655, 'product_name': 'Saskatoon Berries - Frozen', 'unit_price': 270.09}, {'order_id': 9466, 'order_date': '2023-11-13', 'quantity': 3, 'payment_method': 'PayPal', 'order_status': 'Delivered', 'customer_id': 736, 'customer_name': 'Hendrick Casham', 'email': 'hcasham8@joomla.org', 'gender': 'Male', 'country_code': 'MR', 'product_id': 722, 'product_name': 'Mushroom - Enoki, Dry', 'unit_price': 604.05}, {'order_id': 1622, 'order_date': '2022-03-25', 'quantity': 2, 'payment_method': 'PayPal', 'order_status': 'Processing', 'customer_id': 818, 'customer_name': 'Peder Hazlewood', 'email': 'phazlewood9@tumblr.com', 'gender': 'Male', 'country_code': 'PT', 'product_id': 610, 'product_name': 'Muffin Carrot - Individual', 'unit_price': 577.61}]
[2025-01-28T22:19:30.586+0000] {taskinstance.py:340} INFO - ::group::Post task execution logs
[2025-01-28T22:19:30.587+0000] {taskinstance.py:352} INFO - Marking task as SUCCESS. dag_id=raw_api_sales_data, task_id=fetch_sales_data_raw, run_id=manual__2025-01-28T22:18:40.376913+00:00, execution_date=20250128T221840, start_date=20250128T221927, end_date=20250128T221930
[2025-01-28T22:19:30.620+0000] {logging_mixin.py:190} INFO - Task instance in success state
[2025-01-28T22:19:30.621+0000] {logging_mixin.py:190} INFO -  Previous state of the Task instance: running
[2025-01-28T22:19:30.622+0000] {logging_mixin.py:190} INFO - Dag name:raw_api_sales_data queued_at:2025-01-28 22:18:40.843432+00:00
[2025-01-28T22:19:30.622+0000] {logging_mixin.py:190} INFO - Task hostname:1de8b92bf5f9 operator:PythonOperator
[2025-01-28T22:19:30.675+0000] {local_task_job_runner.py:266} INFO - Task exited with return code 0
[2025-01-28T22:19:30.740+0000] {taskinstance.py:3895} INFO - 1 downstream tasks scheduled from follow-on schedule check
[2025-01-28T22:19:30.748+0000] {local_task_job_runner.py:245} INFO - ::endgroup::
