[2025-01-28T20:19:30.708+0000] {local_task_job_runner.py:123} INFO - ::group::Pre task execution logs
[2025-01-28T20:19:30.748+0000] {taskinstance.py:2613} INFO - Dependencies all met for dep_context=non-requeueable deps ti=<TaskInstance: raw_api_sales_data.fetch_sales_data_raw manual__2025-01-28T20:19:08.645309+00:00 [queued]>
[2025-01-28T20:19:30.772+0000] {taskinstance.py:2613} INFO - Dependencies all met for dep_context=requeueable deps ti=<TaskInstance: raw_api_sales_data.fetch_sales_data_raw manual__2025-01-28T20:19:08.645309+00:00 [queued]>
[2025-01-28T20:19:30.773+0000] {taskinstance.py:2866} INFO - Starting attempt 1 of 2
[2025-01-28T20:19:30.812+0000] {taskinstance.py:2889} INFO - Executing <Task(PythonOperator): fetch_sales_data_raw> on 2025-01-28 20:19:08.645309+00:00
[2025-01-28T20:19:30.832+0000] {warnings.py:112} WARNING - /home/***/.local/lib/python3.12/site-packages/***/task/task_runner/standard_task_runner.py:70: DeprecationWarning: This process (pid=5515) is multi-threaded, use of fork() may lead to deadlocks in the child.
  pid = os.fork()

[2025-01-28T20:19:30.835+0000] {standard_task_runner.py:72} INFO - Started process 5517 to run task
[2025-01-28T20:19:30.836+0000] {standard_task_runner.py:104} INFO - Running: ['***', 'tasks', 'run', 'raw_api_sales_data', 'fetch_sales_data_raw', 'manual__2025-01-28T20:19:08.645309+00:00', '--job-id', '169', '--raw', '--subdir', 'DAGS_FOLDER/raw/dag_load_sales_data_to_db.py', '--cfg-path', '/tmp/tmpp20gfb_d']
[2025-01-28T20:19:30.838+0000] {standard_task_runner.py:105} INFO - Job 169: Subtask fetch_sales_data_raw
[2025-01-28T20:19:30.929+0000] {task_command.py:467} INFO - Running <TaskInstance: raw_api_sales_data.fetch_sales_data_raw manual__2025-01-28T20:19:08.645309+00:00 [running]> on host 1de8b92bf5f9
[2025-01-28T20:19:31.240+0000] {taskinstance.py:3132} INFO - Exporting env vars: AIRFLOW_CTX_DAG_OWNER='***' AIRFLOW_CTX_DAG_ID='raw_api_sales_data' AIRFLOW_CTX_TASK_ID='fetch_sales_data_raw' AIRFLOW_CTX_EXECUTION_DATE='2025-01-28T20:19:08.645309+00:00' AIRFLOW_CTX_TRY_NUMBER='1' AIRFLOW_CTX_DAG_RUN_ID='manual__2025-01-28T20:19:08.645309+00:00'
[2025-01-28T20:19:31.246+0000] {logging_mixin.py:190} INFO - Task instance is in running state
[2025-01-28T20:19:31.247+0000] {logging_mixin.py:190} INFO -  Previous state of the Task instance: queued
[2025-01-28T20:19:31.248+0000] {logging_mixin.py:190} INFO - Current task name:fetch_sales_data_raw state:running start_date:2025-01-28 20:19:30.751283+00:00
[2025-01-28T20:19:31.250+0000] {logging_mixin.py:190} INFO - Dag name:raw_api_sales_data and current dag run status:running
[2025-01-28T20:19:31.251+0000] {taskinstance.py:731} INFO - ::endgroup::
[2025-01-28T20:19:33.614+0000] {raw_fetch_sales_api.py:23} INFO - Successfully fetched sales data from the API.
[2025-01-28T20:19:33.688+0000] {python.py:240} INFO - Done. Returned value was: [{'order_id': 7910, 'order_date': '2020-12-15', 'quantity': 2, 'payment_method': 'Check', 'order_status': 'Shipped', 'customer_id': 786, 'customer_name': 'Bryn Chisnall', 'email': 'bchisnall0@tripod.com', 'gender': 'Male', 'country_code': 'ID', 'product_id': 898, 'product_name': 'Pecan Raisin - Tarts', 'unit_price': 787.78}, {'order_id': 2936, 'order_date': '2022-06-15', 'quantity': 3, 'payment_method': 'Debit Card', 'order_status': 'Processing', 'customer_id': 849, 'customer_name': "Camey D'Cruze", 'email': 'cdcruze1@cornell.edu', 'gender': 'Male', 'country_code': 'PT', 'product_id': 507, 'product_name': 'Cake Sheet Combo Party Pack', 'unit_price': 790.74}, {'order_id': 4579, 'order_date': '2021-05-11', 'quantity': 1, 'payment_method': 'PayPal', 'order_status': 'Cancelled', 'customer_id': 886, 'customer_name': 'Jedediah Balham', 'email': 'jbalham2@chicagotribune.com', 'gender': 'Male', 'country_code': 'SE', 'product_id': 558, 'product_name': 'Cocoa Butter', 'unit_price': 60.82}, {'order_id': 2520, 'order_date': '2024-04-03', 'quantity': 1, 'payment_method': 'PayPal', 'order_status': 'Returned', 'customer_id': 225, 'customer_name': 'Elissa Arent', 'email': 'earent3@nih.gov', 'gender': 'Female', 'country_code': 'RU', 'product_id': 896, 'product_name': 'Bread - Dark Rye', 'unit_price': 872.9}, {'order_id': 1198, 'order_date': '2022-07-24', 'quantity': 1, 'payment_method': 'PayPal', 'order_status': 'Returned', 'customer_id': 679, 'customer_name': 'Belvia Ravillas', 'email': 'bravillas4@hexun.com', 'gender': 'Female', 'country_code': 'IE', 'product_id': 610, 'product_name': 'Brandy - Orange, Mc Guiness', 'unit_price': 44.16}, {'order_id': 8407, 'order_date': '2023-05-26', 'quantity': 1, 'payment_method': 'Credit Card', 'order_status': 'Processing', 'customer_id': 659, 'customer_name': 'Nicolea Blunsom', 'email': 'nblunsom5@hugedomains.com', 'gender': 'Female', 'country_code': 'CA', 'product_id': 871, 'product_name': 'Onion Powder', 'unit_price': 517.01}, {'order_id': 6372, 'order_date': '2022-02-13', 'quantity': 1, 'payment_method': 'Cash', 'order_status': 'Cancelled', 'customer_id': 502, 'customer_name': 'Fredi De Gregorio', 'email': 'fde6@amazon.com', 'gender': 'Non-binary', 'country_code': 'CO', 'product_id': 604, 'product_name': 'Lamb - Loin, Trimmed, Boneless', 'unit_price': 684.09}, {'order_id': 5805, 'order_date': '2023-07-16', 'quantity': 2, 'payment_method': 'Check', 'order_status': 'Processing', 'customer_id': 217, 'customer_name': 'Chrissie Castiblanco', 'email': 'ccastiblanco7@homestead.com', 'gender': 'Male', 'country_code': 'CN', 'product_id': 666, 'product_name': 'Arizona - Green Tea', 'unit_price': 593.8}, {'order_id': 3665, 'order_date': '2022-09-09', 'quantity': 2, 'payment_method': 'Debit Card', 'order_status': 'Processing', 'customer_id': 782, 'customer_name': 'Car Hardiman', 'email': 'chardiman8@delicious.com', 'gender': 'Male', 'country_code': 'NC', 'product_id': 596, 'product_name': 'Chilli Paste, Ginger Garlic', 'unit_price': 657.06}, {'order_id': 2551, 'order_date': '2024-06-26', 'quantity': 2, 'payment_method': 'Debit Card', 'order_status': 'Returned', 'customer_id': 674, 'customer_name': 'Marco Gallie', 'email': 'mgallie9@theglobeandmail.com', 'gender': 'Male', 'country_code': 'ID', 'product_id': 524, 'product_name': 'Lamb - Whole Head Off', 'unit_price': 801.92}]
[2025-01-28T20:19:33.747+0000] {taskinstance.py:340} INFO - ::group::Post task execution logs
[2025-01-28T20:19:33.748+0000] {taskinstance.py:352} INFO - Marking task as SUCCESS. dag_id=raw_api_sales_data, task_id=fetch_sales_data_raw, run_id=manual__2025-01-28T20:19:08.645309+00:00, execution_date=20250128T201908, start_date=20250128T201930, end_date=20250128T201933
[2025-01-28T20:19:33.794+0000] {logging_mixin.py:190} INFO - Task instance in success state
[2025-01-28T20:19:33.795+0000] {logging_mixin.py:190} INFO -  Previous state of the Task instance: running
[2025-01-28T20:19:33.796+0000] {logging_mixin.py:190} INFO - Dag name:raw_api_sales_data queued_at:2025-01-28 20:19:09.359137+00:00
[2025-01-28T20:19:33.797+0000] {logging_mixin.py:190} INFO - Task hostname:1de8b92bf5f9 operator:PythonOperator
[2025-01-28T20:19:33.837+0000] {local_task_job_runner.py:266} INFO - Task exited with return code 0
[2025-01-28T20:19:33.899+0000] {taskinstance.py:3895} INFO - 1 downstream tasks scheduled from follow-on schedule check
[2025-01-28T20:19:33.906+0000] {local_task_job_runner.py:245} INFO - ::endgroup::
