[2025-01-28T09:57:33.467+0000] {local_task_job_runner.py:123} INFO - ::group::Pre task execution logs
[2025-01-28T09:57:34.225+0000] {taskinstance.py:2613} INFO - Dependencies all met for dep_context=non-requeueable deps ti=<TaskInstance: raw_api_sales_data.01-fetch_sales_data_api manual__2025-01-28T09:56:59.583867+00:00 [queued]>
[2025-01-28T09:57:34.266+0000] {taskinstance.py:2613} INFO - Dependencies all met for dep_context=requeueable deps ti=<TaskInstance: raw_api_sales_data.01-fetch_sales_data_api manual__2025-01-28T09:56:59.583867+00:00 [queued]>
[2025-01-28T09:57:34.268+0000] {taskinstance.py:2866} INFO - Starting attempt 1 of 2
[2025-01-28T09:57:34.326+0000] {taskinstance.py:2889} INFO - Executing <Task(PythonOperator): 01-fetch_sales_data_api> on 2025-01-28 09:56:59.583867+00:00
[2025-01-28T09:57:34.375+0000] {warnings.py:112} WARNING - /home/***/.local/lib/python3.12/site-packages/***/task/task_runner/standard_task_runner.py:70: DeprecationWarning: This process (pid=3628) is multi-threaded, use of fork() may lead to deadlocks in the child.
  pid = os.fork()

[2025-01-28T09:57:34.372+0000] {standard_task_runner.py:104} INFO - Running: ['***', 'tasks', 'run', 'raw_api_sales_data', '01-fetch_sales_data_api', 'manual__2025-01-28T09:56:59.583867+00:00', '--job-id', '140', '--raw', '--subdir', 'DAGS_FOLDER/raw/dag_load_sales_data_to_db.py', '--cfg-path', '/tmp/tmpx5lz2cfg']
[2025-01-28T09:57:34.380+0000] {standard_task_runner.py:72} INFO - Started process 3637 to run task
[2025-01-28T09:57:34.384+0000] {standard_task_runner.py:105} INFO - Job 140: Subtask 01-fetch_sales_data_api
[2025-01-28T09:57:44.580+0000] {cli_action_loggers.py:177} WARNING - Failed to log action (psycopg2.OperationalError) could not translate host name "postgres" to address: Temporary failure in name resolution

(Background on this error at: https://sqlalche.me/e/14/e3q8)
[2025-01-28T09:57:54.868+0000] {job.py:229} INFO - Heartbeat recovered after 21.71 seconds
[2025-01-28T09:57:55.085+0000] {task_command.py:467} INFO - Running <TaskInstance: raw_api_sales_data.01-fetch_sales_data_api manual__2025-01-28T09:56:59.583867+00:00 [running]> on host 1de8b92bf5f9
[2025-01-28T09:57:55.627+0000] {taskinstance.py:3132} INFO - Exporting env vars: AIRFLOW_CTX_DAG_OWNER='***' AIRFLOW_CTX_DAG_ID='raw_api_sales_data' AIRFLOW_CTX_TASK_ID='01-fetch_sales_data_api' AIRFLOW_CTX_EXECUTION_DATE='2025-01-28T09:56:59.583867+00:00' AIRFLOW_CTX_TRY_NUMBER='1' AIRFLOW_CTX_DAG_RUN_ID='manual__2025-01-28T09:56:59.583867+00:00'
[2025-01-28T09:57:55.634+0000] {logging_mixin.py:190} INFO - Task instance is in running state
[2025-01-28T09:57:55.637+0000] {logging_mixin.py:190} INFO -  Previous state of the Task instance: queued
[2025-01-28T09:57:55.641+0000] {logging_mixin.py:190} INFO - Current task name:01-fetch_sales_data_api state:running start_date:2025-01-28 09:57:34.230159+00:00
[2025-01-28T09:57:55.643+0000] {logging_mixin.py:190} INFO - Dag name:raw_api_sales_data and current dag run status:running
[2025-01-28T09:57:55.645+0000] {taskinstance.py:731} INFO - ::endgroup::
[2025-01-28T09:57:57.519+0000] {raw_fetch_sales_api.py:23} INFO - Successfully fetched sales data from the API.
[2025-01-28T09:57:57.622+0000] {python.py:240} INFO - Done. Returned value was: [{'order_id': 3346, 'order_date': '2022-07-30', 'quantity': 1, 'payment_method': 'PayPal', 'order_status': 'Delivered', 'customer_id': 667, 'customer_name': 'Anne-corinne Extal', 'email': 'aextal0@stanford.edu', 'gender': 'Female', 'country_code': 'PL', 'product_id': 878, 'product_name': 'Wine - White, Chardonnay', 'unit_price': 734.38}, {'order_id': 4654, 'order_date': '2022-10-12', 'quantity': 2, 'payment_method': 'Credit Card', 'order_status': 'Delivered', 'customer_id': 917, 'customer_name': 'Merell Chaudhry', 'email': 'mchaudhry1@miibeian.gov.cn', 'gender': 'Male', 'country_code': 'PL', 'product_id': 620, 'product_name': 'Alize Sunset', 'unit_price': 496.52}, {'order_id': 6458, 'order_date': '2023-11-25', 'quantity': 3, 'payment_method': 'Check', 'order_status': 'Cancelled', 'customer_id': 758, 'customer_name': 'Zea Mor', 'email': 'zmor2@yahoo.com', 'gender': 'Female', 'country_code': 'CN', 'product_id': 887, 'product_name': 'Filo Dough', 'unit_price': 644.34}, {'order_id': 3614, 'order_date': '2020-10-26', 'quantity': 1, 'payment_method': 'Debit Card', 'order_status': 'Returned', 'customer_id': 885, 'customer_name': "Sela O'Hallihane", 'email': 'sohallihane3@cloudflare.com', 'gender': 'Genderqueer', 'country_code': 'RU', 'product_id': 770, 'product_name': 'Rye Special Old', 'unit_price': 213.5}, {'order_id': 8848, 'order_date': '2023-12-24', 'quantity': 3, 'payment_method': 'Debit Card', 'order_status': 'Returned', 'customer_id': 231, 'customer_name': 'Delano Bims', 'email': 'dbims4@1688.com', 'gender': 'Male', 'country_code': 'ID', 'product_id': 594, 'product_name': 'Rum - Dark, Bacardi, Black', 'unit_price': 812.18}, {'order_id': 5069, 'order_date': '2023-05-18', 'quantity': 3, 'payment_method': 'Credit Card', 'order_status': 'Delivered', 'customer_id': 736, 'customer_name': 'Pooh Dawidman', 'email': 'pdawidman5@alexa.com', 'gender': 'Male', 'country_code': 'ID', 'product_id': 779, 'product_name': 'Doilies - 12, Paper', 'unit_price': 89.78}, {'order_id': 8168, 'order_date': '2024-03-23', 'quantity': 2, 'payment_method': 'PayPal', 'order_status': 'Cancelled', 'customer_id': 358, 'customer_name': 'Lucas Thurstan', 'email': 'lthurstan6@51.la', 'gender': 'Male', 'country_code': 'CZ', 'product_id': 891, 'product_name': 'Pepperoni Slices', 'unit_price': 363.44}, {'order_id': 2155, 'order_date': '2024-05-03', 'quantity': 2, 'payment_method': 'Credit Card', 'order_status': 'Processing', 'customer_id': 146, 'customer_name': 'Lisette Winship', 'email': 'lwinship7@myspace.com', 'gender': 'Female', 'country_code': 'ID', 'product_id': 828, 'product_name': 'Jam - Strawberry, 20 Ml Jar', 'unit_price': 333.31}, {'order_id': 8011, 'order_date': '2022-01-29', 'quantity': 1, 'payment_method': 'Debit Card', 'order_status': 'Shipped', 'customer_id': 121, 'customer_name': 'Aguste Arnholz', 'email': 'aarnholz8@geocities.jp', 'gender': 'Male', 'country_code': 'JP', 'product_id': 898, 'product_name': 'Juice - Ocean Spray Kiwi', 'unit_price': 675.45}, {'order_id': 5935, 'order_date': '2022-07-07', 'quantity': 2, 'payment_method': 'Check', 'order_status': 'Cancelled', 'customer_id': 347, 'customer_name': 'Beverly Kivlehan', 'email': 'bkivlehan9@hc360.com', 'gender': 'Female', 'country_code': 'MH', 'product_id': 879, 'product_name': 'Cake - French Pear Tart', 'unit_price': 943.82}]
[2025-01-28T09:57:57.780+0000] {taskinstance.py:340} INFO - ::group::Post task execution logs
[2025-01-28T09:57:57.782+0000] {taskinstance.py:352} INFO - Marking task as SUCCESS. dag_id=raw_api_sales_data, task_id=01-fetch_sales_data_api, run_id=manual__2025-01-28T09:56:59.583867+00:00, execution_date=20250128T095659, start_date=20250128T095734, end_date=20250128T095757
[2025-01-28T09:57:57.828+0000] {logging_mixin.py:190} INFO - Task instance in success state
[2025-01-28T09:57:57.829+0000] {logging_mixin.py:190} INFO -  Previous state of the Task instance: running
[2025-01-28T09:57:57.833+0000] {logging_mixin.py:190} INFO - Dag name:raw_api_sales_data queued_at:2025-01-28 09:56:59.982202+00:00
[2025-01-28T09:57:57.834+0000] {logging_mixin.py:190} INFO - Task hostname:1de8b92bf5f9 operator:PythonOperator
[2025-01-28T09:57:57.913+0000] {local_task_job_runner.py:266} INFO - Task exited with return code 0
[2025-01-28T09:57:58.064+0000] {taskinstance.py:3895} INFO - 1 downstream tasks scheduled from follow-on schedule check
[2025-01-28T09:57:58.073+0000] {local_task_job_runner.py:245} INFO - ::endgroup::
