[2025-01-28T09:43:56.090+0000] {local_task_job_runner.py:123} INFO - ::group::Pre task execution logs
[2025-01-28T09:43:56.118+0000] {taskinstance.py:2613} INFO - Dependencies all met for dep_context=non-requeueable deps ti=<TaskInstance: raw_api_sales_data.02-store_sales_data_raw manual__2025-01-28T09:43:33.041116+00:00 [queued]>
[2025-01-28T09:43:56.132+0000] {taskinstance.py:2613} INFO - Dependencies all met for dep_context=requeueable deps ti=<TaskInstance: raw_api_sales_data.02-store_sales_data_raw manual__2025-01-28T09:43:33.041116+00:00 [queued]>
[2025-01-28T09:43:56.133+0000] {taskinstance.py:2866} INFO - Starting attempt 1 of 2
[2025-01-28T09:43:56.314+0000] {taskinstance.py:2889} INFO - Executing <Task(PythonOperator): 02-store_sales_data_raw> on 2025-01-28 09:43:33.041116+00:00
[2025-01-28T09:43:56.328+0000] {warnings.py:112} WARNING - /home/***/.local/lib/python3.12/site-packages/***/task/task_runner/standard_task_runner.py:70: DeprecationWarning: This process (pid=3444) is multi-threaded, use of fork() may lead to deadlocks in the child.
  pid = os.fork()

[2025-01-28T09:43:56.333+0000] {standard_task_runner.py:72} INFO - Started process 3446 to run task
[2025-01-28T09:43:56.333+0000] {standard_task_runner.py:104} INFO - Running: ['***', 'tasks', 'run', 'raw_api_sales_data', '02-store_sales_data_raw', 'manual__2025-01-28T09:43:33.041116+00:00', '--job-id', '132', '--raw', '--subdir', 'DAGS_FOLDER/raw/dag_load_sales_data_to_db.py', '--cfg-path', '/tmp/tmpoxgh_vor']
[2025-01-28T09:43:56.335+0000] {standard_task_runner.py:105} INFO - Job 132: Subtask 02-store_sales_data_raw
[2025-01-28T09:43:56.417+0000] {task_command.py:467} INFO - Running <TaskInstance: raw_api_sales_data.02-store_sales_data_raw manual__2025-01-28T09:43:33.041116+00:00 [running]> on host 1de8b92bf5f9
[2025-01-28T09:43:56.557+0000] {taskinstance.py:3132} INFO - Exporting env vars: AIRFLOW_CTX_DAG_OWNER='***' AIRFLOW_CTX_DAG_ID='raw_api_sales_data' AIRFLOW_CTX_TASK_ID='02-store_sales_data_raw' AIRFLOW_CTX_EXECUTION_DATE='2025-01-28T09:43:33.041116+00:00' AIRFLOW_CTX_TRY_NUMBER='1' AIRFLOW_CTX_DAG_RUN_ID='manual__2025-01-28T09:43:33.041116+00:00'
[2025-01-28T09:43:56.558+0000] {logging_mixin.py:190} INFO - Task instance is in running state
[2025-01-28T09:43:56.559+0000] {logging_mixin.py:190} INFO -  Previous state of the Task instance: queued
[2025-01-28T09:43:56.560+0000] {logging_mixin.py:190} INFO - Current task name:02-store_sales_data_raw state:running start_date:2025-01-28 09:43:56.119672+00:00
[2025-01-28T09:43:56.560+0000] {logging_mixin.py:190} INFO - Dag name:raw_api_sales_data and current dag run status:running
[2025-01-28T09:43:56.561+0000] {taskinstance.py:731} INFO - ::endgroup::
[2025-01-28T09:43:56.884+0000] {database_helpers.py:20} INFO - Connected to PostgreSQL database.
[2025-01-28T09:43:57.133+0000] {database_helpers.py:20} INFO - Connected to PostgreSQL database.
[2025-01-28T09:43:57.134+0000] {database_helpers.py:99} INFO - Data successfully inserted into raw_layer.sales.
[2025-01-28T09:43:57.134+0000] {raw_store_sales_data.py:32} INFO - Successfuly inserted data into raw_layer.sales table
[2025-01-28T09:43:57.135+0000] {database_helpers.py:30} INFO - Closed the database connection.
[2025-01-28T09:43:57.136+0000] {raw_store_sales_data.py:38} INFO - Database Closed
[2025-01-28T09:43:57.138+0000] {python.py:240} INFO - Done. Returned value was: None
[2025-01-28T09:43:57.157+0000] {taskinstance.py:340} INFO - ::group::Post task execution logs
[2025-01-28T09:43:57.158+0000] {taskinstance.py:352} INFO - Marking task as SUCCESS. dag_id=raw_api_sales_data, task_id=02-store_sales_data_raw, run_id=manual__2025-01-28T09:43:33.041116+00:00, execution_date=20250128T094333, start_date=20250128T094356, end_date=20250128T094357
[2025-01-28T09:43:57.177+0000] {logging_mixin.py:190} INFO - Task instance in success state
[2025-01-28T09:43:57.179+0000] {logging_mixin.py:190} INFO -  Previous state of the Task instance: running
[2025-01-28T09:43:57.179+0000] {logging_mixin.py:190} INFO - Dag name:raw_api_sales_data queued_at:2025-01-28 09:43:33.444766+00:00
[2025-01-28T09:43:57.180+0000] {logging_mixin.py:190} INFO - Task hostname:1de8b92bf5f9 operator:PythonOperator
[2025-01-28T09:43:57.235+0000] {local_task_job_runner.py:266} INFO - Task exited with return code 0
[2025-01-28T09:43:57.256+0000] {taskinstance.py:3895} INFO - 0 downstream tasks scheduled from follow-on schedule check
[2025-01-28T09:43:57.262+0000] {local_task_job_runner.py:245} INFO - ::endgroup::
