[2025-01-28T09:54:30.048+0000] {local_task_job_runner.py:123} INFO - ::group::Pre task execution logs
[2025-01-28T09:54:30.386+0000] {taskinstance.py:2613} INFO - Dependencies all met for dep_context=non-requeueable deps ti=<TaskInstance: raw_api_sales_data.02-store_sales_data_raw manual__2025-01-28T09:53:36.769542+00:00 [queued]>
[2025-01-28T09:54:30.412+0000] {taskinstance.py:2613} INFO - Dependencies all met for dep_context=requeueable deps ti=<TaskInstance: raw_api_sales_data.02-store_sales_data_raw manual__2025-01-28T09:53:36.769542+00:00 [queued]>
[2025-01-28T09:54:30.415+0000] {taskinstance.py:2866} INFO - Starting attempt 2 of 2
[2025-01-28T09:54:30.457+0000] {taskinstance.py:2889} INFO - Executing <Task(PythonOperator): 02-store_sales_data_raw> on 2025-01-28 09:53:36.769542+00:00
[2025-01-28T09:54:30.480+0000] {warnings.py:112} WARNING - /home/***/.local/lib/python3.12/site-packages/***/task/task_runner/standard_task_runner.py:70: DeprecationWarning: This process (pid=3595) is multi-threaded, use of fork() may lead to deadlocks in the child.
  pid = os.fork()

[2025-01-28T09:54:30.487+0000] {standard_task_runner.py:72} INFO - Started process 3597 to run task
[2025-01-28T09:54:30.488+0000] {standard_task_runner.py:104} INFO - Running: ['***', 'tasks', 'run', 'raw_api_sales_data', '02-store_sales_data_raw', 'manual__2025-01-28T09:53:36.769542+00:00', '--job-id', '139', '--raw', '--subdir', 'DAGS_FOLDER/raw/dag_load_sales_data_to_db.py', '--cfg-path', '/tmp/tmppxpfpbrr']
[2025-01-28T09:54:30.493+0000] {standard_task_runner.py:105} INFO - Job 139: Subtask 02-store_sales_data_raw
[2025-01-28T09:54:30.628+0000] {task_command.py:467} INFO - Running <TaskInstance: raw_api_sales_data.02-store_sales_data_raw manual__2025-01-28T09:53:36.769542+00:00 [running]> on host 1de8b92bf5f9
[2025-01-28T09:54:30.906+0000] {taskinstance.py:3132} INFO - Exporting env vars: AIRFLOW_CTX_DAG_OWNER='***' AIRFLOW_CTX_DAG_ID='raw_api_sales_data' AIRFLOW_CTX_TASK_ID='02-store_sales_data_raw' AIRFLOW_CTX_EXECUTION_DATE='2025-01-28T09:53:36.769542+00:00' AIRFLOW_CTX_TRY_NUMBER='2' AIRFLOW_CTX_DAG_RUN_ID='manual__2025-01-28T09:53:36.769542+00:00'
[2025-01-28T09:54:30.910+0000] {logging_mixin.py:190} INFO - Task instance is in running state
[2025-01-28T09:54:30.912+0000] {logging_mixin.py:190} INFO -  Previous state of the Task instance: queued
[2025-01-28T09:54:30.916+0000] {logging_mixin.py:190} INFO - Current task name:02-store_sales_data_raw state:running start_date:2025-01-28 09:54:30.388436+00:00
[2025-01-28T09:54:30.918+0000] {logging_mixin.py:190} INFO - Dag name:raw_api_sales_data and current dag run status:running
[2025-01-28T09:54:30.919+0000] {taskinstance.py:731} INFO - ::endgroup::
[2025-01-28T09:54:31.811+0000] {database_helpers.py:21} INFO - Connected to PostgreSQL database.
[2025-01-28T09:54:32.283+0000] {database_helpers.py:21} INFO - Connected to PostgreSQL database.
[2025-01-28T09:54:32.285+0000] {database_helpers.py:100} INFO - Data successfully inserted into raw_layer.sales.
[2025-01-28T09:54:32.287+0000] {raw_store_sales_data.py:32} INFO - Successfuly inserted data into raw_layer.sales table
[2025-01-28T09:54:32.289+0000] {database_helpers.py:31} INFO - Closed the database connection.
[2025-01-28T09:54:32.293+0000] {raw_store_sales_data.py:38} INFO - Database Closed
[2025-01-28T09:54:32.295+0000] {python.py:240} INFO - Done. Returned value was: None
[2025-01-28T09:54:32.335+0000] {taskinstance.py:340} INFO - ::group::Post task execution logs
[2025-01-28T09:54:32.337+0000] {taskinstance.py:352} INFO - Marking task as SUCCESS. dag_id=raw_api_sales_data, task_id=02-store_sales_data_raw, run_id=manual__2025-01-28T09:53:36.769542+00:00, execution_date=20250128T095336, start_date=20250128T095430, end_date=20250128T095432
[2025-01-28T09:54:32.382+0000] {logging_mixin.py:190} INFO - Task instance in success state
[2025-01-28T09:54:32.384+0000] {logging_mixin.py:190} INFO -  Previous state of the Task instance: running
[2025-01-28T09:54:32.386+0000] {logging_mixin.py:190} INFO - Dag name:raw_api_sales_data queued_at:2025-01-28 09:53:36.911965+00:00
[2025-01-28T09:54:32.387+0000] {logging_mixin.py:190} INFO - Task hostname:1de8b92bf5f9 operator:PythonOperator
[2025-01-28T09:54:32.441+0000] {local_task_job_runner.py:266} INFO - Task exited with return code 0
[2025-01-28T09:54:32.502+0000] {taskinstance.py:3895} INFO - 0 downstream tasks scheduled from follow-on schedule check
[2025-01-28T09:54:32.508+0000] {local_task_job_runner.py:245} INFO - ::endgroup::
