[2025-01-28T10:30:10.595+0000] {local_task_job_runner.py:123} INFO - ::group::Pre task execution logs
[2025-01-28T10:30:10.954+0000] {taskinstance.py:2613} INFO - Dependencies all met for dep_context=non-requeueable deps ti=<TaskInstance: raw_api_sales_data.fetch_sales_data_raw manual__2025-01-28T10:29:55.831003+00:00 [queued]>
[2025-01-28T10:30:10.987+0000] {taskinstance.py:2613} INFO - Dependencies all met for dep_context=requeueable deps ti=<TaskInstance: raw_api_sales_data.fetch_sales_data_raw manual__2025-01-28T10:29:55.831003+00:00 [queued]>
[2025-01-28T10:30:10.992+0000] {taskinstance.py:2866} INFO - Starting attempt 1 of 2
[2025-01-28T10:30:11.067+0000] {taskinstance.py:2889} INFO - Executing <Task(PythonOperator): fetch_sales_data_raw> on 2025-01-28 10:29:55.831003+00:00
[2025-01-28T10:30:11.094+0000] {warnings.py:112} WARNING - /home/***/.local/lib/python3.12/site-packages/***/task/task_runner/standard_task_runner.py:70: DeprecationWarning: This process (pid=4007) is multi-threaded, use of fork() may lead to deadlocks in the child.
  pid = os.fork()

[2025-01-28T10:30:11.099+0000] {standard_task_runner.py:72} INFO - Started process 4016 to run task
[2025-01-28T10:30:11.097+0000] {standard_task_runner.py:104} INFO - Running: ['***', 'tasks', 'run', 'raw_api_sales_data', 'fetch_sales_data_raw', 'manual__2025-01-28T10:29:55.831003+00:00', '--job-id', '145', '--raw', '--subdir', 'DAGS_FOLDER/raw/dag_load_sales_data_to_db.py', '--cfg-path', '/tmp/tmpclbf7lvo']
[2025-01-28T10:30:11.109+0000] {standard_task_runner.py:105} INFO - Job 145: Subtask fetch_sales_data_raw
[2025-01-28T10:30:11.253+0000] {task_command.py:467} INFO - Running <TaskInstance: raw_api_sales_data.fetch_sales_data_raw manual__2025-01-28T10:29:55.831003+00:00 [running]> on host 1de8b92bf5f9
[2025-01-28T10:30:11.513+0000] {taskinstance.py:3132} INFO - Exporting env vars: AIRFLOW_CTX_DAG_OWNER='***' AIRFLOW_CTX_DAG_ID='raw_api_sales_data' AIRFLOW_CTX_TASK_ID='fetch_sales_data_raw' AIRFLOW_CTX_EXECUTION_DATE='2025-01-28T10:29:55.831003+00:00' AIRFLOW_CTX_TRY_NUMBER='1' AIRFLOW_CTX_DAG_RUN_ID='manual__2025-01-28T10:29:55.831003+00:00'
[2025-01-28T10:30:11.516+0000] {logging_mixin.py:190} INFO - Task instance is in running state
[2025-01-28T10:30:11.517+0000] {logging_mixin.py:190} INFO -  Previous state of the Task instance: queued
[2025-01-28T10:30:11.519+0000] {logging_mixin.py:190} INFO - Current task name:fetch_sales_data_raw state:running start_date:2025-01-28 10:30:10.956445+00:00
[2025-01-28T10:30:11.520+0000] {logging_mixin.py:190} INFO - Dag name:raw_api_sales_data and current dag run status:running
[2025-01-28T10:30:11.521+0000] {taskinstance.py:731} INFO - ::endgroup::
[2025-01-28T10:30:13.267+0000] {raw_fetch_sales_api.py:23} INFO - Successfully fetched sales data from the API.
[2025-01-28T10:30:13.324+0000] {python.py:240} INFO - Done. Returned value was: [{'order_id': 8517, 'order_date': '2023-02-12', 'quantity': 1, 'payment_method': 'Credit Card', 'order_status': 'Returned', 'customer_id': 269, 'customer_name': 'Sabrina Edington', 'email': 'sedington0@rakuten.co.jp', 'gender': 'Female', 'country_code': 'ID', 'product_id': 628, 'product_name': 'Truffle Cups - White Paper', 'unit_price': 177.86}, {'order_id': 5646, 'order_date': '2021-06-28', 'quantity': 3, 'payment_method': 'Credit Card', 'order_status': 'Returned', 'customer_id': 327, 'customer_name': 'Robinette Chicken', 'email': 'rchicken1@uol.com.br', 'gender': 'Female', 'country_code': 'CN', 'product_id': 865, 'product_name': 'Beer - Fruli', 'unit_price': 288.6}, {'order_id': 2910, 'order_date': '2022-10-13', 'quantity': 2, 'payment_method': 'PayPal', 'order_status': 'Delivered', 'customer_id': 720, 'customer_name': 'Feliza Zecchi', 'email': 'fzecchi2@youtube.com', 'gender': 'Female', 'country_code': 'JP', 'product_id': 898, 'product_name': 'Spoon - Soup, Plastic', 'unit_price': 702.53}, {'order_id': 1597, 'order_date': '2022-03-24', 'quantity': 2, 'payment_method': 'Cash', 'order_status': 'Cancelled', 'customer_id': 125, 'customer_name': 'Pammy Verheijden', 'email': 'pverheijden3@last.fm', 'gender': 'Female', 'country_code': 'RU', 'product_id': 573, 'product_name': 'Wine - Red, Metus Rose', 'unit_price': 462.76}, {'order_id': 7757, 'order_date': '2023-09-24', 'quantity': 1, 'payment_method': 'Check', 'order_status': 'Shipped', 'customer_id': 476, 'customer_name': 'Eb Yukhnini', 'email': 'eyukhnini4@mayoclinic.com', 'gender': 'Male', 'country_code': 'PL', 'product_id': 717, 'product_name': 'Tomatoes - Hot House', 'unit_price': 554.35}, {'order_id': 4929, 'order_date': '2023-01-15', 'quantity': 1, 'payment_method': 'Debit Card', 'order_status': 'Delivered', 'customer_id': 191, 'customer_name': 'Bernadina Yakubov', 'email': 'byakubov5@house.gov', 'gender': 'Bigender', 'country_code': 'PH', 'product_id': 642, 'product_name': 'Bagel - Everything Presliced', 'unit_price': 583.46}, {'order_id': 6155, 'order_date': '2022-11-23', 'quantity': 1, 'payment_method': 'Debit Card', 'order_status': 'Returned', 'customer_id': 162, 'customer_name': 'Cortie Tampion', 'email': 'ctampion6@usgs.gov', 'gender': 'Male', 'country_code': 'CZ', 'product_id': 637, 'product_name': 'Cognac - Courvaisier', 'unit_price': 842.84}, {'order_id': 2827, 'order_date': '2022-03-24', 'quantity': 3, 'payment_method': 'Cash', 'order_status': 'Returned', 'customer_id': 871, 'customer_name': 'Arron Bambrough', 'email': 'abambrough7@zimbio.com', 'gender': 'Male', 'country_code': 'EG', 'product_id': 783, 'product_name': 'Peas - Pigeon, Dry', 'unit_price': 278.54}, {'order_id': 6876, 'order_date': '2022-10-10', 'quantity': 3, 'payment_method': 'Cash', 'order_status': 'Processing', 'customer_id': 458, 'customer_name': 'Angeline Harkins', 'email': 'aharkins8@wordpress.org', 'gender': 'Female', 'country_code': 'CN', 'product_id': 677, 'product_name': 'Table Cloth 72x144 White', 'unit_price': 695.01}, {'order_id': 7079, 'order_date': '2021-08-24', 'quantity': 3, 'payment_method': 'Credit Card', 'order_status': 'Cancelled', 'customer_id': 853, 'customer_name': 'Antonina Weyman', 'email': 'aweyman9@fema.gov', 'gender': 'Female', 'country_code': 'ID', 'product_id': 823, 'product_name': 'Butter - Salted, Micro', 'unit_price': 83.46}]
[2025-01-28T10:30:13.388+0000] {taskinstance.py:340} INFO - ::group::Post task execution logs
[2025-01-28T10:30:13.390+0000] {taskinstance.py:352} INFO - Marking task as SUCCESS. dag_id=raw_api_sales_data, task_id=fetch_sales_data_raw, run_id=manual__2025-01-28T10:29:55.831003+00:00, execution_date=20250128T102955, start_date=20250128T103010, end_date=20250128T103013
[2025-01-28T10:30:13.421+0000] {logging_mixin.py:190} INFO - Task instance in success state
[2025-01-28T10:30:13.422+0000] {logging_mixin.py:190} INFO -  Previous state of the Task instance: running
[2025-01-28T10:30:13.424+0000] {logging_mixin.py:190} INFO - Dag name:raw_api_sales_data queued_at:2025-01-28 10:29:56.032275+00:00
[2025-01-28T10:30:13.425+0000] {logging_mixin.py:190} INFO - Task hostname:1de8b92bf5f9 operator:PythonOperator
[2025-01-28T10:30:13.462+0000] {local_task_job_runner.py:266} INFO - Task exited with return code 0
[2025-01-28T10:30:13.524+0000] {taskinstance.py:3895} INFO - 1 downstream tasks scheduled from follow-on schedule check
[2025-01-28T10:30:13.531+0000] {local_task_job_runner.py:245} INFO - ::endgroup::
