[2025-01-28T09:53:51.324+0000] {local_task_job_runner.py:123} INFO - ::group::Pre task execution logs
[2025-01-28T09:53:51.390+0000] {taskinstance.py:2613} INFO - Dependencies all met for dep_context=non-requeueable deps ti=<TaskInstance: raw_api_sales_data.01-fetch_sales_data_api manual__2025-01-28T09:53:36.769542+00:00 [queued]>
[2025-01-28T09:53:51.420+0000] {taskinstance.py:2613} INFO - Dependencies all met for dep_context=requeueable deps ti=<TaskInstance: raw_api_sales_data.01-fetch_sales_data_api manual__2025-01-28T09:53:36.769542+00:00 [queued]>
[2025-01-28T09:53:51.422+0000] {taskinstance.py:2866} INFO - Starting attempt 1 of 2
[2025-01-28T09:53:52.044+0000] {taskinstance.py:2889} INFO - Executing <Task(PythonOperator): 01-fetch_sales_data_api> on 2025-01-28 09:53:36.769542+00:00
[2025-01-28T09:53:52.063+0000] {warnings.py:112} WARNING - /home/***/.local/lib/python3.12/site-packages/***/task/task_runner/standard_task_runner.py:70: DeprecationWarning: This process (pid=3582) is multi-threaded, use of fork() may lead to deadlocks in the child.
  pid = os.fork()

[2025-01-28T09:53:52.068+0000] {standard_task_runner.py:72} INFO - Started process 3584 to run task
[2025-01-28T09:53:52.074+0000] {standard_task_runner.py:104} INFO - Running: ['***', 'tasks', 'run', 'raw_api_sales_data', '01-fetch_sales_data_api', 'manual__2025-01-28T09:53:36.769542+00:00', '--job-id', '138', '--raw', '--subdir', 'DAGS_FOLDER/raw/dag_load_sales_data_to_db.py', '--cfg-path', '/tmp/tmprnvq101d']
[2025-01-28T09:53:52.077+0000] {standard_task_runner.py:105} INFO - Job 138: Subtask 01-fetch_sales_data_api
[2025-01-28T09:53:52.238+0000] {task_command.py:467} INFO - Running <TaskInstance: raw_api_sales_data.01-fetch_sales_data_api manual__2025-01-28T09:53:36.769542+00:00 [running]> on host 1de8b92bf5f9
[2025-01-28T09:53:52.807+0000] {taskinstance.py:3132} INFO - Exporting env vars: AIRFLOW_CTX_DAG_OWNER='***' AIRFLOW_CTX_DAG_ID='raw_api_sales_data' AIRFLOW_CTX_TASK_ID='01-fetch_sales_data_api' AIRFLOW_CTX_EXECUTION_DATE='2025-01-28T09:53:36.769542+00:00' AIRFLOW_CTX_TRY_NUMBER='1' AIRFLOW_CTX_DAG_RUN_ID='manual__2025-01-28T09:53:36.769542+00:00'
[2025-01-28T09:53:52.812+0000] {logging_mixin.py:190} INFO - Task instance is in running state
[2025-01-28T09:53:52.824+0000] {logging_mixin.py:190} INFO -  Previous state of the Task instance: queued
[2025-01-28T09:53:52.826+0000] {logging_mixin.py:190} INFO - Current task name:01-fetch_sales_data_api state:running start_date:2025-01-28 09:53:51.392074+00:00
[2025-01-28T09:53:52.827+0000] {logging_mixin.py:190} INFO - Dag name:raw_api_sales_data and current dag run status:running
[2025-01-28T09:53:52.831+0000] {taskinstance.py:731} INFO - ::endgroup::
[2025-01-28T09:53:54.522+0000] {raw_fetch_sales_api.py:23} INFO - Successfully fetched sales data from the API.
[2025-01-28T09:53:54.629+0000] {python.py:240} INFO - Done. Returned value was: [{'order_id': 5734, 'order_date': '2022-06-02', 'quantity': 1, 'payment_method': 'Check', 'order_status': 'Returned', 'customer_id': 853, 'customer_name': 'Flore Ridd', 'email': 'fridd0@fastcompany.com', 'gender': 'Female', 'country_code': 'BR', 'product_id': 824, 'product_name': 'Carbonated Water - Blackcherry', 'unit_price': 84.41}, {'order_id': 9479, 'order_date': '2020-11-04', 'quantity': 3, 'payment_method': 'Debit Card', 'order_status': 'Cancelled', 'customer_id': 118, 'customer_name': 'Scottie Wretham', 'email': 'swretham1@eepurl.com', 'gender': 'Male', 'country_code': 'GR', 'product_id': 613, 'product_name': 'Curry Powder', 'unit_price': 502.45}, {'order_id': 3585, 'order_date': '2023-04-03', 'quantity': 3, 'payment_method': 'Credit Card', 'order_status': 'Delivered', 'customer_id': 735, 'customer_name': 'Tucker Georgeon', 'email': 'tgeorgeon2@vimeo.com', 'gender': 'Male', 'country_code': 'MY', 'product_id': 896, 'product_name': 'Beef - Cooked, Corned', 'unit_price': 165.11}, {'order_id': 1165, 'order_date': '2021-06-08', 'quantity': 1, 'payment_method': 'PayPal', 'order_status': 'Shipped', 'customer_id': 702, 'customer_name': 'Barnaby Zisneros', 'email': 'bzisneros3@timesonline.co.uk', 'gender': 'Male', 'country_code': 'PH', 'product_id': 653, 'product_name': 'Anchovy In Oil', 'unit_price': 160.43}, {'order_id': 5335, 'order_date': '2021-06-24', 'quantity': 3, 'payment_method': 'PayPal', 'order_status': 'Processing', 'customer_id': 667, 'customer_name': 'Meryl Kapelhof', 'email': 'mkapelhof4@blog.com', 'gender': 'Female', 'country_code': 'RU', 'product_id': 676, 'product_name': 'Pie Pecan', 'unit_price': 115.81}, {'order_id': 3651, 'order_date': '2022-08-30', 'quantity': 1, 'payment_method': 'Credit Card', 'order_status': 'Cancelled', 'customer_id': 843, 'customer_name': 'Mill Cousen', 'email': 'mcousen5@oaic.gov.au', 'gender': 'Male', 'country_code': 'PT', 'product_id': 520, 'product_name': 'Tequila - Sauza Silver', 'unit_price': 166.09}, {'order_id': 8583, 'order_date': '2020-10-01', 'quantity': 3, 'payment_method': 'PayPal', 'order_status': 'Processing', 'customer_id': 284, 'customer_name': 'Tammy MacAleese', 'email': 'tmacaleese6@barnesandnoble.com', 'gender': 'Genderqueer', 'country_code': 'ID', 'product_id': 891, 'product_name': 'Rabbit - Legs', 'unit_price': 361.68}, {'order_id': 3871, 'order_date': '2021-10-13', 'quantity': 3, 'payment_method': 'Check', 'order_status': 'Processing', 'customer_id': 230, 'customer_name': 'Leicester Belbin', 'email': 'lbelbin7@nih.gov', 'gender': 'Male', 'country_code': 'PE', 'product_id': 882, 'product_name': 'Muffin Mix - Banana Nut', 'unit_price': 665.95}, {'order_id': 5004, 'order_date': '2024-06-10', 'quantity': 2, 'payment_method': 'PayPal', 'order_status': 'Processing', 'customer_id': 535, 'customer_name': 'Stefano Conring', 'email': 'sconring8@discovery.com', 'gender': 'Male', 'country_code': 'IR', 'product_id': 660, 'product_name': 'Herb Du Provence - Primerba', 'unit_price': 218.55}, {'order_id': 6147, 'order_date': '2022-12-16', 'quantity': 3, 'payment_method': 'Debit Card', 'order_status': 'Shipped', 'customer_id': 137, 'customer_name': 'Jeanne Dubble', 'email': 'jdubble9@jalbum.net', 'gender': 'Female', 'country_code': 'CN', 'product_id': 786, 'product_name': 'Clams - Bay', 'unit_price': 147.05}]
[2025-01-28T09:53:54.739+0000] {taskinstance.py:340} INFO - ::group::Post task execution logs
[2025-01-28T09:53:54.743+0000] {taskinstance.py:352} INFO - Marking task as SUCCESS. dag_id=raw_api_sales_data, task_id=01-fetch_sales_data_api, run_id=manual__2025-01-28T09:53:36.769542+00:00, execution_date=20250128T095336, start_date=20250128T095351, end_date=20250128T095354
[2025-01-28T09:53:54.792+0000] {logging_mixin.py:190} INFO - Task instance in success state
[2025-01-28T09:53:54.793+0000] {logging_mixin.py:190} INFO -  Previous state of the Task instance: running
[2025-01-28T09:53:54.796+0000] {logging_mixin.py:190} INFO - Dag name:raw_api_sales_data queued_at:2025-01-28 09:53:36.911965+00:00
[2025-01-28T09:53:54.797+0000] {logging_mixin.py:190} INFO - Task hostname:1de8b92bf5f9 operator:PythonOperator
[2025-01-28T09:53:54.871+0000] {local_task_job_runner.py:266} INFO - Task exited with return code 0
[2025-01-28T09:53:55.020+0000] {taskinstance.py:3895} INFO - 1 downstream tasks scheduled from follow-on schedule check
[2025-01-28T09:53:55.029+0000] {local_task_job_runner.py:245} INFO - ::endgroup::
