[2025-01-28T10:27:14.969+0000] {local_task_job_runner.py:123} INFO - ::group::Pre task execution logs
[2025-01-28T10:27:15.488+0000] {taskinstance.py:2613} INFO - Dependencies all met for dep_context=non-requeueable deps ti=<TaskInstance: raw_api_sales_data.fetch_sales_data_raw manual__2025-01-28T10:26:47.645834+00:00 [queued]>
[2025-01-28T10:27:15.537+0000] {taskinstance.py:2613} INFO - Dependencies all met for dep_context=requeueable deps ti=<TaskInstance: raw_api_sales_data.fetch_sales_data_raw manual__2025-01-28T10:26:47.645834+00:00 [queued]>
[2025-01-28T10:27:15.539+0000] {taskinstance.py:2866} INFO - Starting attempt 1 of 2
[2025-01-28T10:27:15.604+0000] {taskinstance.py:2889} INFO - Executing <Task(PythonOperator): fetch_sales_data_raw> on 2025-01-28 10:26:47.645834+00:00
[2025-01-28T10:27:15.634+0000] {warnings.py:112} WARNING - /home/***/.local/lib/python3.12/site-packages/***/task/task_runner/standard_task_runner.py:70: DeprecationWarning: This process (pid=3967) is multi-threaded, use of fork() may lead to deadlocks in the child.
  pid = os.fork()

[2025-01-28T10:27:15.641+0000] {standard_task_runner.py:72} INFO - Started process 3969 to run task
[2025-01-28T10:27:15.646+0000] {standard_task_runner.py:104} INFO - Running: ['***', 'tasks', 'run', 'raw_api_sales_data', 'fetch_sales_data_raw', 'manual__2025-01-28T10:26:47.645834+00:00', '--job-id', '142', '--raw', '--subdir', 'DAGS_FOLDER/raw/dag_load_sales_data_to_db.py', '--cfg-path', '/tmp/tmpqm1t9d29']
[2025-01-28T10:27:15.650+0000] {standard_task_runner.py:105} INFO - Job 142: Subtask fetch_sales_data_raw
[2025-01-28T10:27:15.873+0000] {task_command.py:467} INFO - Running <TaskInstance: raw_api_sales_data.fetch_sales_data_raw manual__2025-01-28T10:26:47.645834+00:00 [running]> on host 1de8b92bf5f9
[2025-01-28T10:27:16.182+0000] {taskinstance.py:3132} INFO - Exporting env vars: AIRFLOW_CTX_DAG_OWNER='***' AIRFLOW_CTX_DAG_ID='raw_api_sales_data' AIRFLOW_CTX_TASK_ID='fetch_sales_data_raw' AIRFLOW_CTX_EXECUTION_DATE='2025-01-28T10:26:47.645834+00:00' AIRFLOW_CTX_TRY_NUMBER='1' AIRFLOW_CTX_DAG_RUN_ID='manual__2025-01-28T10:26:47.645834+00:00'
[2025-01-28T10:27:16.186+0000] {logging_mixin.py:190} INFO - Task instance is in running state
[2025-01-28T10:27:16.187+0000] {logging_mixin.py:190} INFO -  Previous state of the Task instance: queued
[2025-01-28T10:27:16.187+0000] {logging_mixin.py:190} INFO - Current task name:fetch_sales_data_raw state:running start_date:2025-01-28 10:27:15.490952+00:00
[2025-01-28T10:27:16.188+0000] {logging_mixin.py:190} INFO - Dag name:raw_api_sales_data and current dag run status:running
[2025-01-28T10:27:16.189+0000] {taskinstance.py:731} INFO - ::endgroup::
[2025-01-28T10:27:18.183+0000] {raw_fetch_sales_api.py:23} INFO - Successfully fetched sales data from the API.
[2025-01-28T10:27:18.303+0000] {python.py:240} INFO - Done. Returned value was: [{'order_id': 3350, 'order_date': '2023-10-25', 'quantity': 1, 'payment_method': 'PayPal', 'order_status': 'Processing', 'customer_id': 359, 'customer_name': 'Dur Crowcombe', 'email': 'dcrowcombe0@delicious.com', 'gender': 'Male', 'country_code': 'PK', 'product_id': 774, 'product_name': 'Cheese - Sheep Milk', 'unit_price': 198.31}, {'order_id': 1233, 'order_date': '2023-02-21', 'quantity': 3, 'payment_method': 'Check', 'order_status': 'Returned', 'customer_id': 855, 'customer_name': 'Elaine Greatham', 'email': 'egreatham1@tumblr.com', 'gender': 'Female', 'country_code': 'VE', 'product_id': 606, 'product_name': 'Wine - Pinot Noir Stoneleigh', 'unit_price': 904.24}, {'order_id': 6276, 'order_date': '2022-06-14', 'quantity': 1, 'payment_method': 'PayPal', 'order_status': 'Delivered', 'customer_id': 113, 'customer_name': 'Xever MacAfee', 'email': 'xmacafee2@ebay.com', 'gender': 'Male', 'country_code': 'CN', 'product_id': 791, 'product_name': 'Cheese - Mascarpone', 'unit_price': 652.75}, {'order_id': 7976, 'order_date': '2023-12-16', 'quantity': 3, 'payment_method': 'Debit Card', 'order_status': 'Processing', 'customer_id': 305, 'customer_name': 'Edvard Sewall', 'email': 'esewall3@tinyurl.com', 'gender': 'Male', 'country_code': 'CN', 'product_id': 822, 'product_name': 'Bread - Dark Rye, Loaf', 'unit_price': 548.24}, {'order_id': 3414, 'order_date': '2022-12-11', 'quantity': 1, 'payment_method': 'Check', 'order_status': 'Delivered', 'customer_id': 264, 'customer_name': 'Harwell Penticoot', 'email': 'hpenticoot4@geocities.jp', 'gender': 'Male', 'country_code': 'PL', 'product_id': 728, 'product_name': 'Soup - Campbells Chili', 'unit_price': 241.03}, {'order_id': 1252, 'order_date': '2021-08-29', 'quantity': 1, 'payment_method': 'Debit Card', 'order_status': 'Shipped', 'customer_id': 686, 'customer_name': 'Marlo Fowler', 'email': 'mfowler5@bandcamp.com', 'gender': 'Polygender', 'country_code': 'PT', 'product_id': 576, 'product_name': 'Melon - Honey Dew', 'unit_price': 536.1}, {'order_id': 3589, 'order_date': '2020-11-16', 'quantity': 1, 'payment_method': 'Credit Card', 'order_status': 'Shipped', 'customer_id': 369, 'customer_name': 'Lucie Biglin', 'email': 'lbiglin6@cnn.com', 'gender': 'Non-binary', 'country_code': 'AM', 'product_id': 741, 'product_name': 'Piping Jelly - All Colours', 'unit_price': 616.33}, {'order_id': 2151, 'order_date': '2023-02-05', 'quantity': 1, 'payment_method': 'Check', 'order_status': 'Cancelled', 'customer_id': 981, 'customer_name': 'Eustace Branscomb', 'email': 'ebranscomb7@vkontakte.ru', 'gender': 'Male', 'country_code': 'RU', 'product_id': 525, 'product_name': 'Soup - Campbells Bean Medley', 'unit_price': 985.63}, {'order_id': 6102, 'order_date': '2024-05-30', 'quantity': 3, 'payment_method': 'Debit Card', 'order_status': 'Processing', 'customer_id': 658, 'customer_name': 'Bartlett Emanuel', 'email': 'bemanuel8@globo.com', 'gender': 'Male', 'country_code': 'PS', 'product_id': 672, 'product_name': 'Mushroom - Shitake, Dry', 'unit_price': 246.66}, {'order_id': 2828, 'order_date': '2021-06-28', 'quantity': 1, 'payment_method': 'PayPal', 'order_status': 'Processing', 'customer_id': 960, 'customer_name': 'Gloriane Cuddihy', 'email': 'gcuddihy9@umn.edu', 'gender': 'Female', 'country_code': 'CN', 'product_id': 893, 'product_name': 'Sprouts - Baby Pea Tendrils', 'unit_price': 353.98}]
[2025-01-28T10:27:18.391+0000] {taskinstance.py:340} INFO - ::group::Post task execution logs
[2025-01-28T10:27:18.392+0000] {taskinstance.py:352} INFO - Marking task as SUCCESS. dag_id=raw_api_sales_data, task_id=fetch_sales_data_raw, run_id=manual__2025-01-28T10:26:47.645834+00:00, execution_date=20250128T102647, start_date=20250128T102715, end_date=20250128T102718
[2025-01-28T10:27:18.461+0000] {logging_mixin.py:190} INFO - Task instance in success state
[2025-01-28T10:27:18.462+0000] {logging_mixin.py:190} INFO -  Previous state of the Task instance: running
[2025-01-28T10:27:18.464+0000] {logging_mixin.py:190} INFO - Dag name:raw_api_sales_data queued_at:2025-01-28 10:26:47.957754+00:00
[2025-01-28T10:27:18.465+0000] {logging_mixin.py:190} INFO - Task hostname:1de8b92bf5f9 operator:PythonOperator
[2025-01-28T10:27:18.526+0000] {local_task_job_runner.py:266} INFO - Task exited with return code 0
[2025-01-28T10:27:18.579+0000] {taskinstance.py:3895} INFO - 1 downstream tasks scheduled from follow-on schedule check
[2025-01-28T10:27:18.587+0000] {local_task_job_runner.py:245} INFO - ::endgroup::
