[2025-01-28T10:43:19.609+0000] {local_task_job_runner.py:123} INFO - ::group::Pre task execution logs
[2025-01-28T10:43:20.150+0000] {taskinstance.py:2613} INFO - Dependencies all met for dep_context=non-requeueable deps ti=<TaskInstance: raw_api_sales_data.fetch_sales_data_raw manual__2025-01-28T10:42:12.274710+00:00 [queued]>
[2025-01-28T10:43:20.185+0000] {taskinstance.py:2613} INFO - Dependencies all met for dep_context=requeueable deps ti=<TaskInstance: raw_api_sales_data.fetch_sales_data_raw manual__2025-01-28T10:42:12.274710+00:00 [queued]>
[2025-01-28T10:43:20.186+0000] {taskinstance.py:2866} INFO - Starting attempt 1 of 2
[2025-01-28T10:43:20.239+0000] {taskinstance.py:2889} INFO - Executing <Task(PythonOperator): fetch_sales_data_raw> on 2025-01-28 10:42:12.274710+00:00
[2025-01-28T10:43:20.263+0000] {warnings.py:112} WARNING - /home/***/.local/lib/python3.12/site-packages/***/task/task_runner/standard_task_runner.py:70: DeprecationWarning: This process (pid=4139) is multi-threaded, use of fork() may lead to deadlocks in the child.
  pid = os.fork()

[2025-01-28T10:43:20.269+0000] {standard_task_runner.py:72} INFO - Started process 4149 to run task
[2025-01-28T10:43:20.271+0000] {standard_task_runner.py:104} INFO - Running: ['***', 'tasks', 'run', 'raw_api_sales_data', 'fetch_sales_data_raw', 'manual__2025-01-28T10:42:12.274710+00:00', '--job-id', '148', '--raw', '--subdir', 'DAGS_FOLDER/raw/dag_load_sales_data_to_db.py', '--cfg-path', '/tmp/tmpy_m2xfh2']
[2025-01-28T10:43:20.276+0000] {standard_task_runner.py:105} INFO - Job 148: Subtask fetch_sales_data_raw
[2025-01-28T10:43:20.451+0000] {task_command.py:467} INFO - Running <TaskInstance: raw_api_sales_data.fetch_sales_data_raw manual__2025-01-28T10:42:12.274710+00:00 [running]> on host 1de8b92bf5f9
[2025-01-28T10:43:20.864+0000] {taskinstance.py:3132} INFO - Exporting env vars: AIRFLOW_CTX_DAG_OWNER='***' AIRFLOW_CTX_DAG_ID='raw_api_sales_data' AIRFLOW_CTX_TASK_ID='fetch_sales_data_raw' AIRFLOW_CTX_EXECUTION_DATE='2025-01-28T10:42:12.274710+00:00' AIRFLOW_CTX_TRY_NUMBER='1' AIRFLOW_CTX_DAG_RUN_ID='manual__2025-01-28T10:42:12.274710+00:00'
[2025-01-28T10:43:20.869+0000] {logging_mixin.py:190} INFO - Task instance is in running state
[2025-01-28T10:43:20.870+0000] {logging_mixin.py:190} INFO -  Previous state of the Task instance: queued
[2025-01-28T10:43:20.872+0000] {logging_mixin.py:190} INFO - Current task name:fetch_sales_data_raw state:running start_date:2025-01-28 10:43:20.151942+00:00
[2025-01-28T10:43:20.874+0000] {logging_mixin.py:190} INFO - Dag name:raw_api_sales_data and current dag run status:running
[2025-01-28T10:43:20.875+0000] {taskinstance.py:731} INFO - ::endgroup::
[2025-01-28T10:43:22.783+0000] {raw_fetch_sales_api.py:23} INFO - Successfully fetched sales data from the API.
[2025-01-28T10:43:22.882+0000] {python.py:240} INFO - Done. Returned value was: [{'order_id': 8777, 'order_date': '2021-08-25', 'quantity': 3, 'payment_method': 'PayPal', 'order_status': 'Shipped', 'customer_id': 629, 'customer_name': 'Devan Nacci', 'email': 'dnacci0@theglobeandmail.com', 'gender': 'Non-binary', 'country_code': 'RU', 'product_id': 705, 'product_name': 'Glucose', 'unit_price': 234.92}, {'order_id': 2980, 'order_date': '2024-05-11', 'quantity': 2, 'payment_method': 'Credit Card', 'order_status': 'Processing', 'customer_id': 956, 'customer_name': 'Babbette Crudginton', 'email': 'bcrudginton1@census.gov', 'gender': 'Genderqueer', 'country_code': 'MY', 'product_id': 699, 'product_name': 'Potatoes - Pei 10 Oz', 'unit_price': 470.8}, {'order_id': 2428, 'order_date': '2024-09-03', 'quantity': 2, 'payment_method': 'PayPal', 'order_status': 'Processing', 'customer_id': 746, 'customer_name': 'Malcolm Menicomb', 'email': 'mmenicomb2@biblegateway.com', 'gender': 'Male', 'country_code': 'ID', 'product_id': 873, 'product_name': 'Chocolate Bar - Coffee Crisp', 'unit_price': 21.98}, {'order_id': 1253, 'order_date': '2023-02-01', 'quantity': 2, 'payment_method': 'PayPal', 'order_status': 'Delivered', 'customer_id': 190, 'customer_name': 'Kamilah Gallanders', 'email': 'kgallanders3@joomla.org', 'gender': 'Female', 'country_code': 'GT', 'product_id': 506, 'product_name': 'Crab - Dungeness, Whole, live', 'unit_price': 394.97}, {'order_id': 9525, 'order_date': '2023-08-06', 'quantity': 3, 'payment_method': 'Check', 'order_status': 'Delivered', 'customer_id': 426, 'customer_name': 'Ronny Isherwood', 'email': 'risherwood4@cnbc.com', 'gender': 'Genderfluid', 'country_code': 'MA', 'product_id': 662, 'product_name': 'Shrimp - Black Tiger 16/20', 'unit_price': 795.62}, {'order_id': 7436, 'order_date': '2022-02-02', 'quantity': 3, 'payment_method': 'Check', 'order_status': 'Delivered', 'customer_id': 378, 'customer_name': 'Cale Ivanshintsev', 'email': 'civanshintsev5@photobucket.com', 'gender': 'Male', 'country_code': 'PH', 'product_id': 754, 'product_name': 'Soup - Campbells, Spinach Crm', 'unit_price': 303.56}, {'order_id': 1962, 'order_date': '2021-07-02', 'quantity': 1, 'payment_method': 'Debit Card', 'order_status': 'Delivered', 'customer_id': 487, 'customer_name': 'Abagael Faughnan', 'email': 'afaughnan6@nytimes.com', 'gender': 'Female', 'country_code': 'ML', 'product_id': 851, 'product_name': 'Tart Shells - Savory, 3', 'unit_price': 247.61}, {'order_id': 5987, 'order_date': '2024-08-05', 'quantity': 3, 'payment_method': 'Debit Card', 'order_status': 'Cancelled', 'customer_id': 915, 'customer_name': 'Marchelle Schermick', 'email': 'mschermick7@parallels.com', 'gender': 'Female', 'country_code': 'PL', 'product_id': 690, 'product_name': 'Table Cloth 54x54 White', 'unit_price': 150.62}, {'order_id': 8617, 'order_date': '2022-01-19', 'quantity': 1, 'payment_method': 'Debit Card', 'order_status': 'Returned', 'customer_id': 441, 'customer_name': "Valentijn O'Neal", 'email': 'voneal8@mlb.com', 'gender': 'Male', 'country_code': 'CN', 'product_id': 582, 'product_name': 'Appetizer - Cheese Bites', 'unit_price': 902.09}, {'order_id': 6321, 'order_date': '2023-08-16', 'quantity': 1, 'payment_method': 'Credit Card', 'order_status': 'Cancelled', 'customer_id': 922, 'customer_name': 'Abbey McIlhatton', 'email': 'amcilhatton9@baidu.com', 'gender': 'Male', 'country_code': 'PT', 'product_id': 547, 'product_name': 'Clams - Littleneck, Whole', 'unit_price': 320.16}]
[2025-01-28T10:43:22.992+0000] {taskinstance.py:340} INFO - ::group::Post task execution logs
[2025-01-28T10:43:22.996+0000] {taskinstance.py:352} INFO - Marking task as SUCCESS. dag_id=raw_api_sales_data, task_id=fetch_sales_data_raw, run_id=manual__2025-01-28T10:42:12.274710+00:00, execution_date=20250128T104212, start_date=20250128T104320, end_date=20250128T104322
[2025-01-28T10:43:23.053+0000] {logging_mixin.py:190} INFO - Task instance in success state
[2025-01-28T10:43:23.055+0000] {logging_mixin.py:190} INFO -  Previous state of the Task instance: running
[2025-01-28T10:43:23.057+0000] {logging_mixin.py:190} INFO - Dag name:raw_api_sales_data queued_at:2025-01-28 10:42:12.766235+00:00
[2025-01-28T10:43:23.059+0000] {logging_mixin.py:190} INFO - Task hostname:1de8b92bf5f9 operator:PythonOperator
[2025-01-28T10:43:23.127+0000] {local_task_job_runner.py:266} INFO - Task exited with return code 0
[2025-01-28T10:43:23.185+0000] {local_task_job_runner.py:245} INFO - ::endgroup::
