[2025-01-28T21:46:44.347+0000] {local_task_job_runner.py:123} INFO - ::group::Pre task execution logs
[2025-01-28T21:46:44.743+0000] {taskinstance.py:2613} INFO - Dependencies all met for dep_context=non-requeueable deps ti=<TaskInstance: raw_api_sales_data.fetch_sales_data_raw manual__2025-01-28T21:46:21.775771+00:00 [queued]>
[2025-01-28T21:46:44.817+0000] {taskinstance.py:2613} INFO - Dependencies all met for dep_context=requeueable deps ti=<TaskInstance: raw_api_sales_data.fetch_sales_data_raw manual__2025-01-28T21:46:21.775771+00:00 [queued]>
[2025-01-28T21:46:44.833+0000] {taskinstance.py:2866} INFO - Starting attempt 1 of 2
[2025-01-28T21:46:44.921+0000] {taskinstance.py:2889} INFO - Executing <Task(PythonOperator): fetch_sales_data_raw> on 2025-01-28 21:46:21.775771+00:00
[2025-01-28T21:46:44.939+0000] {warnings.py:112} WARNING - /home/***/.local/lib/python3.12/site-packages/***/task/task_runner/standard_task_runner.py:70: DeprecationWarning: This process (pid=6569) is multi-threaded, use of fork() may lead to deadlocks in the child.
  pid = os.fork()

[2025-01-28T21:46:44.943+0000] {standard_task_runner.py:72} INFO - Started process 6571 to run task
[2025-01-28T21:46:44.942+0000] {standard_task_runner.py:104} INFO - Running: ['***', 'tasks', 'run', 'raw_api_sales_data', 'fetch_sales_data_raw', 'manual__2025-01-28T21:46:21.775771+00:00', '--job-id', '175', '--raw', '--subdir', 'DAGS_FOLDER/raw/dag_load_sales_data_to_db.py', '--cfg-path', '/tmp/tmptew8b77t']
[2025-01-28T21:46:44.945+0000] {standard_task_runner.py:105} INFO - Job 175: Subtask fetch_sales_data_raw
[2025-01-28T21:46:45.037+0000] {task_command.py:467} INFO - Running <TaskInstance: raw_api_sales_data.fetch_sales_data_raw manual__2025-01-28T21:46:21.775771+00:00 [running]> on host 1de8b92bf5f9
[2025-01-28T21:46:45.242+0000] {taskinstance.py:3132} INFO - Exporting env vars: AIRFLOW_CTX_DAG_OWNER='***' AIRFLOW_CTX_DAG_ID='raw_api_sales_data' AIRFLOW_CTX_TASK_ID='fetch_sales_data_raw' AIRFLOW_CTX_EXECUTION_DATE='2025-01-28T21:46:21.775771+00:00' AIRFLOW_CTX_TRY_NUMBER='1' AIRFLOW_CTX_DAG_RUN_ID='manual__2025-01-28T21:46:21.775771+00:00'
[2025-01-28T21:46:45.244+0000] {logging_mixin.py:190} INFO - Task instance is in running state
[2025-01-28T21:46:45.246+0000] {logging_mixin.py:190} INFO -  Previous state of the Task instance: queued
[2025-01-28T21:46:45.251+0000] {logging_mixin.py:190} INFO - Current task name:fetch_sales_data_raw state:running start_date:2025-01-28 21:46:44.744287+00:00
[2025-01-28T21:46:45.253+0000] {logging_mixin.py:190} INFO - Dag name:raw_api_sales_data and current dag run status:running
[2025-01-28T21:46:45.255+0000] {taskinstance.py:731} INFO - ::endgroup::
[2025-01-28T21:46:47.358+0000] {raw_fetch_sales_api.py:23} INFO - Successfully fetched sales data from the API.
[2025-01-28T21:46:47.392+0000] {python.py:240} INFO - Done. Returned value was: [{'order_id': 7827, 'order_date': '2020-11-02', 'quantity': 3, 'payment_method': 'Credit Card', 'order_status': 'Returned', 'customer_id': 969, 'customer_name': 'Kerwinn Lyptratt', 'email': 'klyptratt0@seattletimes.com', 'gender': 'Male', 'country_code': 'CZ', 'product_id': 638, 'product_name': 'Wine - Kwv Chenin Blanc South', 'unit_price': 934.86}, {'order_id': 6973, 'order_date': '2021-07-31', 'quantity': 3, 'payment_method': 'Check', 'order_status': 'Delivered', 'customer_id': 576, 'customer_name': 'Ellene Salery', 'email': 'esalery1@intel.com', 'gender': 'Female', 'country_code': 'PT', 'product_id': 693, 'product_name': 'Beef Cheek Fresh', 'unit_price': 733.66}, {'order_id': 2638, 'order_date': '2022-01-19', 'quantity': 2, 'payment_method': 'Debit Card', 'order_status': 'Returned', 'customer_id': 955, 'customer_name': 'Rodd Greenley', 'email': 'rgreenley2@exblog.jp', 'gender': 'Male', 'country_code': 'CI', 'product_id': 623, 'product_name': 'Salmon Steak - Cohoe 8 Oz', 'unit_price': 616.61}, {'order_id': 5880, 'order_date': '2022-01-16', 'quantity': 3, 'payment_method': 'Check', 'order_status': 'Processing', 'customer_id': 191, 'customer_name': 'Laverna Gibbe', 'email': 'lgibbe3@a8.net', 'gender': 'Female', 'country_code': 'ID', 'product_id': 500, 'product_name': 'Beer - Fruli', 'unit_price': 295.58}, {'order_id': 9302, 'order_date': '2024-09-30', 'quantity': 2, 'payment_method': 'Credit Card', 'order_status': 'Delivered', 'customer_id': 502, 'customer_name': 'Eachelle Ashlin', 'email': 'eashlin4@dailymotion.com', 'gender': 'Female', 'country_code': 'ID', 'product_id': 615, 'product_name': 'Bread - Wheat Baguette', 'unit_price': 434.17}, {'order_id': 3064, 'order_date': '2023-02-09', 'quantity': 1, 'payment_method': 'PayPal', 'order_status': 'Shipped', 'customer_id': 811, 'customer_name': 'Yul Limer', 'email': 'ylimer5@businessinsider.com', 'gender': 'Male', 'country_code': 'CZ', 'product_id': 790, 'product_name': 'Mushroom - White Button', 'unit_price': 859.38}, {'order_id': 1447, 'order_date': '2020-11-18', 'quantity': 1, 'payment_method': 'PayPal', 'order_status': 'Processing', 'customer_id': 885, 'customer_name': 'Gavra Lundberg', 'email': 'glundberg6@engadget.com', 'gender': 'Female', 'country_code': 'UA', 'product_id': 551, 'product_name': 'Sauce - Hoisin', 'unit_price': 464.51}, {'order_id': 5463, 'order_date': '2022-05-25', 'quantity': 1, 'payment_method': 'Cash', 'order_status': 'Returned', 'customer_id': 685, 'customer_name': 'Regan Meers', 'email': 'rmeers7@indiegogo.com', 'gender': 'Male', 'country_code': 'FR', 'product_id': 703, 'product_name': 'Ecolab - Solid Fusion', 'unit_price': 256.57}, {'order_id': 6267, 'order_date': '2024-07-12', 'quantity': 3, 'payment_method': 'Credit Card', 'order_status': 'Shipped', 'customer_id': 874, 'customer_name': 'Jolynn Dibbe', 'email': 'jdibbe8@gizmodo.com', 'gender': 'Female', 'country_code': 'CN', 'product_id': 609, 'product_name': 'Puree - Pear', 'unit_price': 886.05}, {'order_id': 9042, 'order_date': '2022-03-30', 'quantity': 1, 'payment_method': 'Debit Card', 'order_status': 'Cancelled', 'customer_id': 380, 'customer_name': 'Florenza Douche', 'email': 'fdouche9@liveinternet.ru', 'gender': 'Female', 'country_code': 'CN', 'product_id': 621, 'product_name': 'Truffle - Peelings', 'unit_price': 482.63}]
[2025-01-28T21:46:47.443+0000] {taskinstance.py:340} INFO - ::group::Post task execution logs
[2025-01-28T21:46:47.444+0000] {taskinstance.py:352} INFO - Marking task as SUCCESS. dag_id=raw_api_sales_data, task_id=fetch_sales_data_raw, run_id=manual__2025-01-28T21:46:21.775771+00:00, execution_date=20250128T214621, start_date=20250128T214644, end_date=20250128T214647
[2025-01-28T21:46:47.474+0000] {logging_mixin.py:190} INFO - Task instance in success state
[2025-01-28T21:46:47.475+0000] {logging_mixin.py:190} INFO -  Previous state of the Task instance: running
[2025-01-28T21:46:47.477+0000] {logging_mixin.py:190} INFO - Dag name:raw_api_sales_data queued_at:2025-01-28 21:46:22.643450+00:00
[2025-01-28T21:46:47.478+0000] {logging_mixin.py:190} INFO - Task hostname:1de8b92bf5f9 operator:PythonOperator
[2025-01-28T21:46:47.542+0000] {local_task_job_runner.py:266} INFO - Task exited with return code 0
[2025-01-28T21:46:47.585+0000] {taskinstance.py:3895} INFO - 0 downstream tasks scheduled from follow-on schedule check
[2025-01-28T21:46:47.603+0000] {local_task_job_runner.py:245} INFO - ::endgroup::
