[2025-01-28T19:54:18.732+0000] {local_task_job_runner.py:123} INFO - ::group::Pre task execution logs
[2025-01-28T19:54:18.781+0000] {taskinstance.py:2613} INFO - Dependencies all met for dep_context=non-requeueable deps ti=<TaskInstance: raw_api_sales_data.fetch_sales_data_raw manual__2025-01-28T19:53:49.647374+00:00 [queued]>
[2025-01-28T19:54:18.808+0000] {taskinstance.py:2613} INFO - Dependencies all met for dep_context=requeueable deps ti=<TaskInstance: raw_api_sales_data.fetch_sales_data_raw manual__2025-01-28T19:53:49.647374+00:00 [queued]>
[2025-01-28T19:54:18.811+0000] {taskinstance.py:2866} INFO - Starting attempt 1 of 2
[2025-01-28T19:54:18.883+0000] {taskinstance.py:2889} INFO - Executing <Task(PythonOperator): fetch_sales_data_raw> on 2025-01-28 19:53:49.647374+00:00
[2025-01-28T19:54:18.926+0000] {warnings.py:112} WARNING - /home/***/.local/lib/python3.12/site-packages/***/task/task_runner/standard_task_runner.py:70: DeprecationWarning: This process (pid=5211) is multi-threaded, use of fork() may lead to deadlocks in the child.
  pid = os.fork()

[2025-01-28T19:54:18.933+0000] {standard_task_runner.py:72} INFO - Started process 5220 to run task
[2025-01-28T19:54:18.929+0000] {standard_task_runner.py:104} INFO - Running: ['***', 'tasks', 'run', 'raw_api_sales_data', 'fetch_sales_data_raw', 'manual__2025-01-28T19:53:49.647374+00:00', '--job-id', '166', '--raw', '--subdir', 'DAGS_FOLDER/raw/dag_load_sales_data_to_db.py', '--cfg-path', '/tmp/tmpi9xevbdv']
[2025-01-28T19:54:18.938+0000] {standard_task_runner.py:105} INFO - Job 166: Subtask fetch_sales_data_raw
[2025-01-28T19:54:19.201+0000] {task_command.py:467} INFO - Running <TaskInstance: raw_api_sales_data.fetch_sales_data_raw manual__2025-01-28T19:53:49.647374+00:00 [running]> on host 1de8b92bf5f9
[2025-01-28T19:54:19.900+0000] {taskinstance.py:3132} INFO - Exporting env vars: AIRFLOW_CTX_DAG_OWNER='***' AIRFLOW_CTX_DAG_ID='raw_api_sales_data' AIRFLOW_CTX_TASK_ID='fetch_sales_data_raw' AIRFLOW_CTX_EXECUTION_DATE='2025-01-28T19:53:49.647374+00:00' AIRFLOW_CTX_TRY_NUMBER='1' AIRFLOW_CTX_DAG_RUN_ID='manual__2025-01-28T19:53:49.647374+00:00'
[2025-01-28T19:54:19.942+0000] {logging_mixin.py:190} INFO - Task instance is in running state
[2025-01-28T19:54:19.944+0000] {logging_mixin.py:190} INFO -  Previous state of the Task instance: queued
[2025-01-28T19:54:19.946+0000] {logging_mixin.py:190} INFO - Current task name:fetch_sales_data_raw state:running start_date:2025-01-28 19:54:18.783393+00:00
[2025-01-28T19:54:19.948+0000] {logging_mixin.py:190} INFO - Dag name:raw_api_sales_data and current dag run status:running
[2025-01-28T19:54:19.952+0000] {taskinstance.py:731} INFO - ::endgroup::
[2025-01-28T19:54:22.921+0000] {raw_fetch_sales_api.py:23} INFO - Successfully fetched sales data from the API.
[2025-01-28T19:54:23.161+0000] {python.py:240} INFO - Done. Returned value was: [{'order_id': 7371, 'order_date': '2023-03-03', 'quantity': 3, 'payment_method': 'Debit Card', 'order_status': 'Delivered', 'customer_id': 330, 'customer_name': 'Robinetta Creevy', 'email': 'rcreevy0@mysql.com', 'gender': 'Female', 'country_code': 'CN', 'product_id': 544, 'product_name': 'Halibut - Steaks', 'unit_price': 967.39}, {'order_id': 5406, 'order_date': '2023-04-24', 'quantity': 2, 'payment_method': 'Cash', 'order_status': 'Delivered', 'customer_id': 654, 'customer_name': 'Claudine Canner', 'email': 'ccanner1@xrea.com', 'gender': 'Female', 'country_code': 'MY', 'product_id': 799, 'product_name': 'Bread - Sour Sticks With Onion', 'unit_price': 672.13}, {'order_id': 8578, 'order_date': '2021-09-06', 'quantity': 3, 'payment_method': 'Debit Card', 'order_status': 'Delivered', 'customer_id': 184, 'customer_name': 'Cara Bollard', 'email': 'cbollard2@amazon.co.jp', 'gender': 'Female', 'country_code': 'PE', 'product_id': 875, 'product_name': 'Cheese - Stilton', 'unit_price': 524.45}, {'order_id': 4317, 'order_date': '2024-08-03', 'quantity': 1, 'payment_method': 'PayPal', 'order_status': 'Cancelled', 'customer_id': 129, 'customer_name': 'Court Tuffrey', 'email': 'ctuffrey3@chron.com', 'gender': 'Male', 'country_code': 'PL', 'product_id': 692, 'product_name': 'Cotton Wet Mop 16 Oz', 'unit_price': 613.34}, {'order_id': 5043, 'order_date': '2022-12-16', 'quantity': 1, 'payment_method': 'PayPal', 'order_status': 'Processing', 'customer_id': 216, 'customer_name': 'Myron Mulderrig', 'email': 'mmulderrig4@wikia.com', 'gender': 'Male', 'country_code': 'PY', 'product_id': 669, 'product_name': 'Pork Loin Bine - In Frenched', 'unit_price': 733.34}, {'order_id': 4108, 'order_date': '2022-08-29', 'quantity': 3, 'payment_method': 'Credit Card', 'order_status': 'Cancelled', 'customer_id': 942, 'customer_name': 'Gonzalo Schwant', 'email': 'gschwant5@photobucket.com', 'gender': 'Male', 'country_code': 'ID', 'product_id': 571, 'product_name': 'Chocolate - Sugar Free Semi Choc', 'unit_price': 620.72}, {'order_id': 6826, 'order_date': '2023-10-02', 'quantity': 3, 'payment_method': 'PayPal', 'order_status': 'Delivered', 'customer_id': 377, 'customer_name': 'Herbert Presnell', 'email': 'hpresnell6@cpanel.net', 'gender': 'Male', 'country_code': 'ID', 'product_id': 678, 'product_name': 'Icecream Bar - Del Monte', 'unit_price': 744.57}, {'order_id': 1817, 'order_date': '2023-07-11', 'quantity': 3, 'payment_method': 'Check', 'order_status': 'Cancelled', 'customer_id': 424, 'customer_name': 'Trumaine Schruur', 'email': 'tschruur7@slate.com', 'gender': 'Male', 'country_code': 'RS', 'product_id': 747, 'product_name': 'Mints - Striped Red', 'unit_price': 318.5}, {'order_id': 5466, 'order_date': '2023-02-07', 'quantity': 2, 'payment_method': 'Credit Card', 'order_status': 'Returned', 'customer_id': 851, 'customer_name': 'Trent Fibbitts', 'email': 'tfibbitts8@yelp.com', 'gender': 'Genderfluid', 'country_code': 'ID', 'product_id': 841, 'product_name': 'Cake - Bande Of Fruit', 'unit_price': 961.11}, {'order_id': 3173, 'order_date': '2024-08-22', 'quantity': 2, 'payment_method': 'PayPal', 'order_status': 'Processing', 'customer_id': 142, 'customer_name': 'Dre Deare', 'email': 'ddeare9@wikimedia.org', 'gender': 'Female', 'country_code': 'TZ', 'product_id': 691, 'product_name': 'Coffee - Frthy Coffee Crisp', 'unit_price': 686.59}]
[2025-01-28T19:54:23.289+0000] {taskinstance.py:340} INFO - ::group::Post task execution logs
[2025-01-28T19:54:23.296+0000] {taskinstance.py:352} INFO - Marking task as SUCCESS. dag_id=raw_api_sales_data, task_id=fetch_sales_data_raw, run_id=manual__2025-01-28T19:53:49.647374+00:00, execution_date=20250128T195349, start_date=20250128T195418, end_date=20250128T195423
[2025-01-28T19:54:23.374+0000] {logging_mixin.py:190} INFO - Task instance in success state
[2025-01-28T19:54:23.390+0000] {logging_mixin.py:190} INFO -  Previous state of the Task instance: running
[2025-01-28T19:54:23.398+0000] {logging_mixin.py:190} INFO - Dag name:raw_api_sales_data queued_at:2025-01-28 19:53:50.548212+00:00
[2025-01-28T19:54:23.400+0000] {logging_mixin.py:190} INFO - Task hostname:1de8b92bf5f9 operator:PythonOperator
[2025-01-28T19:54:23.468+0000] {local_task_job_runner.py:266} INFO - Task exited with return code 0
[2025-01-28T19:54:23.610+0000] {taskinstance.py:3895} INFO - 1 downstream tasks scheduled from follow-on schedule check
[2025-01-28T19:54:23.632+0000] {local_task_job_runner.py:245} INFO - ::endgroup::
