[2025-01-28T10:50:58.733+0000] {local_task_job_runner.py:123} INFO - ::group::Pre task execution logs
[2025-01-28T10:50:58.980+0000] {taskinstance.py:2613} INFO - Dependencies all met for dep_context=non-requeueable deps ti=<TaskInstance: raw_api_sales_data.fetch_sales_data_raw manual__2025-01-28T10:50:41.106920+00:00 [queued]>
[2025-01-28T10:50:58.991+0000] {taskinstance.py:2613} INFO - Dependencies all met for dep_context=requeueable deps ti=<TaskInstance: raw_api_sales_data.fetch_sales_data_raw manual__2025-01-28T10:50:41.106920+00:00 [queued]>
[2025-01-28T10:50:58.992+0000] {taskinstance.py:2866} INFO - Starting attempt 1 of 2
[2025-01-28T10:50:59.019+0000] {taskinstance.py:2889} INFO - Executing <Task(PythonOperator): fetch_sales_data_raw> on 2025-01-28 10:50:41.106920+00:00
[2025-01-28T10:50:59.034+0000] {warnings.py:112} WARNING - /home/***/.local/lib/python3.12/site-packages/***/task/task_runner/standard_task_runner.py:70: DeprecationWarning: This process (pid=4244) is multi-threaded, use of fork() may lead to deadlocks in the child.
  pid = os.fork()

[2025-01-28T10:50:59.037+0000] {standard_task_runner.py:72} INFO - Started process 4253 to run task
[2025-01-28T10:50:59.036+0000] {standard_task_runner.py:104} INFO - Running: ['***', 'tasks', 'run', 'raw_api_sales_data', 'fetch_sales_data_raw', 'manual__2025-01-28T10:50:41.106920+00:00', '--job-id', '151', '--raw', '--subdir', 'DAGS_FOLDER/raw/dag_load_sales_data_to_db.py', '--cfg-path', '/tmp/tmpaw6oyj16']
[2025-01-28T10:50:59.038+0000] {standard_task_runner.py:105} INFO - Job 151: Subtask fetch_sales_data_raw
[2025-01-28T10:50:59.111+0000] {task_command.py:467} INFO - Running <TaskInstance: raw_api_sales_data.fetch_sales_data_raw manual__2025-01-28T10:50:41.106920+00:00 [running]> on host 1de8b92bf5f9
[2025-01-28T10:50:59.345+0000] {taskinstance.py:3132} INFO - Exporting env vars: AIRFLOW_CTX_DAG_OWNER='***' AIRFLOW_CTX_DAG_ID='raw_api_sales_data' AIRFLOW_CTX_TASK_ID='fetch_sales_data_raw' AIRFLOW_CTX_EXECUTION_DATE='2025-01-28T10:50:41.106920+00:00' AIRFLOW_CTX_TRY_NUMBER='1' AIRFLOW_CTX_DAG_RUN_ID='manual__2025-01-28T10:50:41.106920+00:00'
[2025-01-28T10:50:59.347+0000] {logging_mixin.py:190} INFO - Task instance is in running state
[2025-01-28T10:50:59.348+0000] {logging_mixin.py:190} INFO -  Previous state of the Task instance: queued
[2025-01-28T10:50:59.349+0000] {logging_mixin.py:190} INFO - Current task name:fetch_sales_data_raw state:running start_date:2025-01-28 10:50:58.981470+00:00
[2025-01-28T10:50:59.350+0000] {logging_mixin.py:190} INFO - Dag name:raw_api_sales_data and current dag run status:running
[2025-01-28T10:50:59.350+0000] {taskinstance.py:731} INFO - ::endgroup::
[2025-01-28T10:51:00.999+0000] {raw_fetch_sales_api.py:23} INFO - Successfully fetched sales data from the API.
[2025-01-28T10:51:01.032+0000] {python.py:240} INFO - Done. Returned value was: [{'order_id': 8537, 'order_date': '2024-09-06', 'quantity': 1, 'payment_method': 'Cash', 'order_status': 'Shipped', 'customer_id': 457, 'customer_name': 'Kyla Element', 'email': 'kelement0@exblog.jp', 'gender': 'Female', 'country_code': 'RU', 'product_id': 891, 'product_name': 'Snapple Lemon Tea', 'unit_price': 983.97}, {'order_id': 5480, 'order_date': '2022-10-25', 'quantity': 3, 'payment_method': 'Debit Card', 'order_status': 'Shipped', 'customer_id': 439, 'customer_name': 'Margot Hollebon', 'email': 'mhollebon1@elpais.com', 'gender': 'Agender', 'country_code': 'PE', 'product_id': 766, 'product_name': 'Pop - Club Soda Can', 'unit_price': 404.04}, {'order_id': 7905, 'order_date': '2023-05-11', 'quantity': 3, 'payment_method': 'Debit Card', 'order_status': 'Shipped', 'customer_id': 762, 'customer_name': 'Rafael Rasch', 'email': 'rrasch2@geocities.jp', 'gender': 'Polygender', 'country_code': 'PK', 'product_id': 781, 'product_name': 'Bread - Raisin Walnut Pull', 'unit_price': 931.77}, {'order_id': 5170, 'order_date': '2022-05-07', 'quantity': 3, 'payment_method': 'Check', 'order_status': 'Returned', 'customer_id': 694, 'customer_name': 'Ynes Standon', 'email': 'ystandon3@yale.edu', 'gender': 'Female', 'country_code': 'CN', 'product_id': 651, 'product_name': 'Uniform Linen Charge', 'unit_price': 285.88}, {'order_id': 5291, 'order_date': '2023-02-25', 'quantity': 1, 'payment_method': 'Cash', 'order_status': 'Cancelled', 'customer_id': 225, 'customer_name': 'Charles Lorenzini', 'email': 'clorenzini4@gmpg.org', 'gender': 'Male', 'country_code': 'JP', 'product_id': 676, 'product_name': 'Cheese - Manchego, Spanish', 'unit_price': 263.79}, {'order_id': 3069, 'order_date': '2023-10-16', 'quantity': 3, 'payment_method': 'Credit Card', 'order_status': 'Delivered', 'customer_id': 703, 'customer_name': 'Essa Medendorp', 'email': 'emedendorp5@mac.com', 'gender': 'Female', 'country_code': 'PL', 'product_id': 621, 'product_name': 'Mustard - Individual Pkg', 'unit_price': 324.54}, {'order_id': 6117, 'order_date': '2021-02-12', 'quantity': 2, 'payment_method': 'Check', 'order_status': 'Delivered', 'customer_id': 393, 'customer_name': 'Rodrique McFadyen', 'email': 'rmcfadyen6@rakuten.co.jp', 'gender': 'Male', 'country_code': 'PL', 'product_id': 702, 'product_name': 'Wine - Red, Colio Cabernet', 'unit_price': 64.21}, {'order_id': 4589, 'order_date': '2023-03-06', 'quantity': 3, 'payment_method': 'Debit Card', 'order_status': 'Returned', 'customer_id': 365, 'customer_name': 'Mirabella Von Brook', 'email': 'mvon7@webs.com', 'gender': 'Agender', 'country_code': 'RU', 'product_id': 792, 'product_name': 'Oil - Grapeseed Oil', 'unit_price': 11.28}, {'order_id': 2942, 'order_date': '2023-03-22', 'quantity': 2, 'payment_method': 'Credit Card', 'order_status': 'Returned', 'customer_id': 414, 'customer_name': 'Dominica Heisham', 'email': 'dheisham8@wikipedia.org', 'gender': 'Female', 'country_code': 'AF', 'product_id': 670, 'product_name': 'Lettuce - Radicchio', 'unit_price': 916.91}, {'order_id': 8591, 'order_date': '2022-06-13', 'quantity': 3, 'payment_method': 'Cash', 'order_status': 'Shipped', 'customer_id': 202, 'customer_name': 'Fleurette Nisen', 'email': 'fnisen9@reddit.com', 'gender': 'Female', 'country_code': 'SE', 'product_id': 823, 'product_name': 'Oil - Pumpkinseed', 'unit_price': 980.11}]
[2025-01-28T10:51:01.081+0000] {taskinstance.py:340} INFO - ::group::Post task execution logs
[2025-01-28T10:51:01.082+0000] {taskinstance.py:352} INFO - Marking task as SUCCESS. dag_id=raw_api_sales_data, task_id=fetch_sales_data_raw, run_id=manual__2025-01-28T10:50:41.106920+00:00, execution_date=20250128T105041, start_date=20250128T105058, end_date=20250128T105101
[2025-01-28T10:51:01.101+0000] {logging_mixin.py:190} INFO - Task instance in success state
[2025-01-28T10:51:01.102+0000] {logging_mixin.py:190} INFO -  Previous state of the Task instance: running
[2025-01-28T10:51:01.103+0000] {logging_mixin.py:190} INFO - Dag name:raw_api_sales_data queued_at:2025-01-28 10:50:41.926220+00:00
[2025-01-28T10:51:01.103+0000] {logging_mixin.py:190} INFO - Task hostname:1de8b92bf5f9 operator:PythonOperator
[2025-01-28T10:51:01.146+0000] {local_task_job_runner.py:266} INFO - Task exited with return code 0
[2025-01-28T10:51:01.168+0000] {local_task_job_runner.py:245} INFO - ::endgroup::
