[2025-01-28T10:55:22.179+0000] {local_task_job_runner.py:123} INFO - ::group::Pre task execution logs
[2025-01-28T10:55:22.225+0000] {taskinstance.py:2613} INFO - Dependencies all met for dep_context=non-requeueable deps ti=<TaskInstance: raw_api_sales_data.fetch_sales_data_raw manual__2025-01-28T10:54:45.216232+00:00 [queued]>
[2025-01-28T10:55:22.246+0000] {taskinstance.py:2613} INFO - Dependencies all met for dep_context=requeueable deps ti=<TaskInstance: raw_api_sales_data.fetch_sales_data_raw manual__2025-01-28T10:54:45.216232+00:00 [queued]>
[2025-01-28T10:55:22.247+0000] {taskinstance.py:2866} INFO - Starting attempt 2 of 2
[2025-01-28T10:55:22.287+0000] {taskinstance.py:2889} INFO - Executing <Task(PythonOperator): fetch_sales_data_raw> on 2025-01-28 10:54:45.216232+00:00
[2025-01-28T10:55:22.304+0000] {warnings.py:112} WARNING - /home/***/.local/lib/python3.12/site-packages/***/task/task_runner/standard_task_runner.py:70: DeprecationWarning: This process (pid=4314) is multi-threaded, use of fork() may lead to deadlocks in the child.
  pid = os.fork()

[2025-01-28T10:55:22.310+0000] {standard_task_runner.py:72} INFO - Started process 4316 to run task
[2025-01-28T10:55:22.309+0000] {standard_task_runner.py:104} INFO - Running: ['***', 'tasks', 'run', 'raw_api_sales_data', 'fetch_sales_data_raw', 'manual__2025-01-28T10:54:45.216232+00:00', '--job-id', '154', '--raw', '--subdir', 'DAGS_FOLDER/raw/dag_load_sales_data_to_db.py', '--cfg-path', '/tmp/tmpdvrp75g3']
[2025-01-28T10:55:22.312+0000] {standard_task_runner.py:105} INFO - Job 154: Subtask fetch_sales_data_raw
[2025-01-28T10:55:22.407+0000] {task_command.py:467} INFO - Running <TaskInstance: raw_api_sales_data.fetch_sales_data_raw manual__2025-01-28T10:54:45.216232+00:00 [running]> on host 1de8b92bf5f9
[2025-01-28T10:55:22.577+0000] {taskinstance.py:3132} INFO - Exporting env vars: AIRFLOW_CTX_DAG_OWNER='***' AIRFLOW_CTX_DAG_ID='raw_api_sales_data' AIRFLOW_CTX_TASK_ID='fetch_sales_data_raw' AIRFLOW_CTX_EXECUTION_DATE='2025-01-28T10:54:45.216232+00:00' AIRFLOW_CTX_TRY_NUMBER='2' AIRFLOW_CTX_DAG_RUN_ID='manual__2025-01-28T10:54:45.216232+00:00'
[2025-01-28T10:55:22.580+0000] {logging_mixin.py:190} INFO - Task instance is in running state
[2025-01-28T10:55:22.581+0000] {logging_mixin.py:190} INFO -  Previous state of the Task instance: queued
[2025-01-28T10:55:22.581+0000] {logging_mixin.py:190} INFO - Current task name:fetch_sales_data_raw state:running start_date:2025-01-28 10:55:22.226313+00:00
[2025-01-28T10:55:22.582+0000] {logging_mixin.py:190} INFO - Dag name:raw_api_sales_data and current dag run status:running
[2025-01-28T10:55:22.583+0000] {taskinstance.py:731} INFO - ::endgroup::
[2025-01-28T10:55:23.905+0000] {raw_fetch_sales_api.py:23} INFO - Successfully fetched sales data from the API.
[2025-01-28T10:55:23.938+0000] {python.py:240} INFO - Done. Returned value was: [{'order_id': 6262, 'order_date': '2024-07-07', 'quantity': 1, 'payment_method': 'Credit Card', 'order_status': 'Delivered', 'customer_id': 187, 'customer_name': 'Conn Addy', 'email': 'caddy0@netscape.com', 'gender': 'Non-binary', 'country_code': 'CN', 'product_id': 548, 'product_name': 'Rolled Oats', 'unit_price': 348.35}, {'order_id': 3836, 'order_date': '2024-08-31', 'quantity': 1, 'payment_method': 'Debit Card', 'order_status': 'Processing', 'customer_id': 193, 'customer_name': 'Jasmine Angeli', 'email': 'jangeli1@about.com', 'gender': 'Female', 'country_code': 'UA', 'product_id': 751, 'product_name': 'Kiwi Gold Zespri', 'unit_price': 417.36}, {'order_id': 7015, 'order_date': '2023-10-12', 'quantity': 3, 'payment_method': 'Debit Card', 'order_status': 'Returned', 'customer_id': 859, 'customer_name': 'Nessy Towhey', 'email': 'ntowhey2@linkedin.com', 'gender': 'Female', 'country_code': 'CN', 'product_id': 598, 'product_name': 'Lamb - Shanks', 'unit_price': 115.76}, {'order_id': 6775, 'order_date': '2020-11-07', 'quantity': 2, 'payment_method': 'Cash', 'order_status': 'Delivered', 'customer_id': 588, 'customer_name': 'Putnem Sidary', 'email': 'psidary3@vk.com', 'gender': 'Male', 'country_code': 'CN', 'product_id': 655, 'product_name': 'Energy Drink - Franks Pineapple', 'unit_price': 621.47}, {'order_id': 9696, 'order_date': '2024-03-11', 'quantity': 3, 'payment_method': 'Debit Card', 'order_status': 'Returned', 'customer_id': 971, 'customer_name': 'Bentlee Hallard', 'email': 'bhallard4@newsvine.com', 'gender': 'Bigender', 'country_code': 'IL', 'product_id': 631, 'product_name': 'Longos - Burritos', 'unit_price': 867.63}, {'order_id': 5562, 'order_date': '2024-04-24', 'quantity': 1, 'payment_method': 'Cash', 'order_status': 'Returned', 'customer_id': 218, 'customer_name': 'Sal Knibley', 'email': 'sknibley5@usgs.gov', 'gender': 'Male', 'country_code': 'CN', 'product_id': 759, 'product_name': 'Veal - Inside, Choice', 'unit_price': 315.84}, {'order_id': 6757, 'order_date': '2021-03-22', 'quantity': 3, 'payment_method': 'Credit Card', 'order_status': 'Returned', 'customer_id': 437, 'customer_name': 'Fianna Cornbell', 'email': 'fcornbell6@bloglovin.com', 'gender': 'Female', 'country_code': 'EE', 'product_id': 685, 'product_name': 'Wine - Niagara,vqa Reisling', 'unit_price': 419.26}, {'order_id': 2243, 'order_date': '2022-11-19', 'quantity': 1, 'payment_method': 'Credit Card', 'order_status': 'Shipped', 'customer_id': 301, 'customer_name': 'Heath Swetmore', 'email': 'hswetmore7@sina.com.cn', 'gender': 'Male', 'country_code': 'AM', 'product_id': 756, 'product_name': 'Lettuce - Spring Mix', 'unit_price': 152.95}, {'order_id': 7479, 'order_date': '2022-05-01', 'quantity': 3, 'payment_method': 'Debit Card', 'order_status': 'Cancelled', 'customer_id': 913, 'customer_name': 'Cammy Fermoy', 'email': 'cfermoy8@zimbio.com', 'gender': 'Male', 'country_code': 'ID', 'product_id': 538, 'product_name': 'Crab - Claws, 26 - 30', 'unit_price': 185.28}, {'order_id': 9111, 'order_date': '2023-07-08', 'quantity': 1, 'payment_method': 'PayPal', 'order_status': 'Delivered', 'customer_id': 207, 'customer_name': 'Ceil Dowd', 'email': 'cdowd9@salon.com', 'gender': 'Female', 'country_code': 'PL', 'product_id': 567, 'product_name': 'Couscous', 'unit_price': 452.73}]
[2025-01-28T10:55:23.997+0000] {taskinstance.py:340} INFO - ::group::Post task execution logs
[2025-01-28T10:55:23.999+0000] {taskinstance.py:352} INFO - Marking task as SUCCESS. dag_id=raw_api_sales_data, task_id=fetch_sales_data_raw, run_id=manual__2025-01-28T10:54:45.216232+00:00, execution_date=20250128T105445, start_date=20250128T105522, end_date=20250128T105523
[2025-01-28T10:55:24.029+0000] {logging_mixin.py:190} INFO - Task instance in success state
[2025-01-28T10:55:24.030+0000] {logging_mixin.py:190} INFO -  Previous state of the Task instance: running
[2025-01-28T10:55:24.032+0000] {logging_mixin.py:190} INFO - Dag name:raw_api_sales_data queued_at:2025-01-28 10:54:45.392150+00:00
[2025-01-28T10:55:24.033+0000] {logging_mixin.py:190} INFO - Task hostname:1de8b92bf5f9 operator:PythonOperator
[2025-01-28T10:55:24.058+0000] {local_task_job_runner.py:266} INFO - Task exited with return code 0
[2025-01-28T10:55:24.115+0000] {taskinstance.py:3895} INFO - 1 downstream tasks scheduled from follow-on schedule check
[2025-01-28T10:55:24.126+0000] {local_task_job_runner.py:245} INFO - ::endgroup::
